[2025-11-04 21:38:38] [ERROR] [BIN001] Не найден БИН поставщика.
[2025-11-04 21:38:38] [ERROR] [BIN002] Не найден БИН получателя.
[2025-11-04 21:38:38] [WARN] [D001] Дата выписки не указана.
[2025-11-04 21:38:38] [ERROR] [AMT001] Общая сумма не указана.
[2025-11-04 21:38:53] [ERROR] [BIN001] Не найден БИН поставщика.
[2025-11-04 21:38:53] [ERROR] [BIN002] Не найден БИН получателя.
[2025-11-04 21:38:53] [WARN] [D001] Дата выписки не указана.
[2025-11-04 21:38:53] [ERROR] [AMT001] Общая сумма не указана.
[2025-11-05 17:46:34] [ERROR] [TOT001] Правило TOT001: сообщение не задано.
[2025-11-05 17:46:34] [ERROR] [BIN001] Не найден БИН поставщика.
[2025-11-05 17:46:34] [ERROR] [BIN002] Не найден БИН получателя.
[2025-11-05 17:46:34] [WARN] [D001] Дата выписки не указана.
[2025-11-05 17:46:34] [ERROR] [AMT001] Общая сумма не указана.
[2025-11-05 17:46:34] [ERROR] [TOT001] Правило TOT001: сообщение не задано.
[2025-11-05 17:48:37] [ERROR] [TOT001] Итого по документу не совпадает с суммой строк.
[2025-11-05 17:48:37] [ERROR] [BIN001] Не найден БИН поставщика.
[2025-11-05 17:48:37] [ERROR] [BIN002] Не найден БИН получателя.
[2025-11-05 17:48:37] [ERROR] [D001] Дата ЭСФ не может быть в будущем.
[2025-11-05 17:48:37] [ERROR] [AMT001] Поле 'Общая сумма' не найдено или равно нулю.
[2025-11-05 17:48:37] [ERROR] [TOT001] Итого по документу не совпадает с суммой строк.
[2025-11-05 17:50:09] [ERROR] [TOT001] Итого по документу не совпадает с суммой строк.
[2025-11-05 17:50:09] [ERROR] [BIN001] Не найден БИН поставщика.
[2025-11-05 17:50:09] [ERROR] [BIN002] Не найден БИН получателя.
[2025-11-05 17:50:09] [ERROR] [D001] Дата ЭСФ не может быть в будущем.
[2025-11-05 17:50:09] [ERROR] [AMT001] Поле 'Общая сумма' не найдено или равно нулю.
[2025-11-05 17:50:09] [ERROR] [TOT001] Итого по документу не совпадает с суммой строк.
[2025-11-05 17:50:36] [ERROR] [TOT001] Итого по документу не совпадает с суммой строк.
[2025-11-05 17:50:36] [ERROR] [BIN001] Не найден БИН поставщика.
[2025-11-05 17:50:36] [ERROR] [BIN002] Не найден БИН получателя.
[2025-11-05 17:50:36] [ERROR] [D001] Дата ЭСФ не может быть в будущем.
[2025-11-05 17:50:36] [ERROR] [AMT001] Поле 'Общая сумма' не найдено или равно нулю.
[2025-11-05 17:50:36] [ERROR] [TOT001] Итого по документу не совпадает с суммой строк.
[2025-11-05 17:50:44] [ERROR] [TOT001] Итого по документу не совпадает с суммой строк.
[2025-11-05 17:50:44] [ERROR] [BIN001] Не найден БИН поставщика.
[2025-11-05 17:50:44] [ERROR] [BIN002] Не найден БИН получателя.
[2025-11-05 17:50:44] [ERROR] [D001] Дата ЭСФ не может быть в будущем.
[2025-11-05 17:50:44] [ERROR] [AMT001] Поле 'Общая сумма' не найдено или равно нулю.
[2025-11-05 17:50:44] [ERROR] [TOT001] Итого по документу не совпадает с суммой строк.
[2025-11-05 17:51:08] [ERROR] [TOT001] Итого по документу не совпадает с суммой строк.
[2025-11-05 17:51:08] [ERROR] [BIN001] Не найден БИН поставщика.
[2025-11-05 17:51:08] [ERROR] [BIN002] Не найден БИН получателя.
[2025-11-05 17:51:08] [ERROR] [D001] Дата ЭСФ не может быть в будущем.
[2025-11-05 17:51:08] [ERROR] [AMT001] Поле 'Общая сумма' не найдено или равно нулю.
[2025-11-05 17:51:08] [ERROR] [TOT001] Итого по документу не совпадает с суммой строк.
[2025-11-05 17:53:13] [ERROR] [TOT001] Итого по документу не совпадает с суммой строк.
[2025-11-05 17:53:13] [ERROR] [BIN001] Не найден БИН поставщика.
[2025-11-05 17:53:13] [ERROR] [BIN002] Не найден БИН получателя.
[2025-11-05 17:53:13] [ERROR] [D001] Дата ЭСФ не может быть в будущем.
[2025-11-05 17:53:13] [ERROR] [AMT001] Поле 'Общая сумма' не найдено или равно нулю.
[2025-11-05 17:53:13] [ERROR] [TOT001] Итого по документу не совпадает с суммой строк.
[2025-11-05 17:56:59] [ERROR] [TOT001] Итого по документу не совпадает с суммой строк.
[2025-11-05 17:56:59] [ERROR] [BIN001] Не найден БИН поставщика.
[2025-11-05 17:56:59] [ERROR] [BIN002] Не найден БИН получателя.
[2025-11-05 17:56:59] [ERROR] [D001] Дата ЭСФ не может быть в будущем.
[2025-11-05 17:56:59] [ERROR] [AMT001] Поле 'Общая сумма' не найдено или равно нулю.
[2025-11-05 17:56:59] [INFO] [SYS003] — Исполняемые правила инспектора —
[2025-11-05 17:56:59] [ERROR] [TOT001] Итого по документу не совпадает с суммой строк.
[2025-11-05 17:57:18] [ERROR] [TOT001] Итого по документу не совпадает с суммой строк.
[2025-11-05 17:57:18] [ERROR] [BIN001] Не найден БИН поставщика.
[2025-11-05 17:57:18] [ERROR] [BIN002] Не найден БИН получателя.
[2025-11-05 17:57:18] [ERROR] [D001] Дата ЭСФ не может быть в будущем.
[2025-11-05 17:57:18] [ERROR] [AMT001] Поле 'Общая сумма' не найдено или равно нулю.
[2025-11-05 17:57:18] [INFO] [SYS003] — Исполняемые правила инспектора —
[2025-11-05 17:57:18] [ERROR] [TOT001] Итого по документу не совпадает с суммой строк.
[2025-11-05 18:01:43] [ERROR] [TOT001] Итого по документу не совпадает с суммой строк.
[2025-11-05 18:01:43] [ERROR] [TOT001] Итого по документу не совпадает с суммой строк.
[2025-11-05 18:01:43] [ERROR] [F001] [F001] Пустой или недопустимый формат файла — данных для проверки нет
[2025-11-05 18:01:43] [ERROR] [F002] [F002] Отсутствуют обязательные поля верхнего уровня — данных для проверки нет
[2025-11-05 18:01:43] [ERROR] [F003] [F003] «PDF-скан без вложенного XML не поддерживается в V0. Используйте Excel-шаблон или PDF с XML/UBL-вложением.» — данных для проверки нет
[2025-11-05 18:01:43] [ERROR] [D001] [D001] Дата счета в будущем — данных для проверки нет
[2025-11-05 18:01:43] [ERROR] [D002] [D002] Дата вне отчётного периода (если задан) — данных для проверки нет
[2025-11-05 18:01:43] [ERROR] [N001] [N001] Номер пустой/слишком длинный/недопустимые символы — данных для проверки нет
[2025-11-05 18:01:43] [ERROR] [ID001] [ID001] seller_id (БИН/ИНН) неверной длины/маски — данных для проверки нет
[2025-11-05 18:01:43] [ERROR] [ID002] [ID002] buyer_id (БИН/ИНН) неверной длины/маски — данных для проверки нет
[2025-11-05 18:01:43] [WARN] [ID003] [ID003] Продавец и покупатель совпадают — данных для проверки нет
[2025-11-05 18:01:43] [ERROR] [CUR001] [CUR001] Недопустимый код валюты (не ISO-4217) — данных для проверки нет
[2025-11-05 18:01:43] [WARN] [CUR002] [CUR002] Курс валюты не задан при отличии от KZT — данных для проверки нет
[2025-11-05 18:01:43] [ERROR] [AMT001] [AMT001] Отсутствует общая сумма — данных для проверки нет
[2025-11-05 18:01:43] [ERROR] [NEG001] [NEG001] Отрицательная сумма — данных для проверки нет
[2025-11-05 18:01:43] [WARN] [TOT002] [TOT002] Сумма строк равна итогу, но округление превышает 1 KZT — данных для проверки нет
[2025-11-05 18:01:43] [INFO] [ROUND001] [ROUND001] Применено округление при расчёте суммы — данных для проверки нет
[2025-11-05 18:01:43] [WARN] [ROUND002] [ROUND002] Сумма округлена с превышением допустимой погрешности — данных для проверки нет
[2025-11-05 18:01:43] [ERROR] [VAT001] [VAT001] Не указан НДС по строкам — данных для проверки нет
[2025-11-05 18:01:43] [WARN] [VAT002] [VAT002] Ставка НДС указана частично — данных для проверки нет
[2025-11-05 18:01:43] [INFO] [VAT003] [VAT003] НДС не применяется (освобождение) — данных для проверки нет
[2025-11-05 18:01:43] [ERROR] [VAT004] [VAT004] Неверная ставка НДС (не число) — данных для проверки нет
[2025-11-05 18:01:43] [ERROR] [QTY001] [QTY001] Количество товара отсутствует или ноль — данных для проверки нет
[2025-11-05 18:01:43] [WARN] [QTY002] [QTY002] Количество товара отрицательное — данных для проверки нет
[2025-11-05 18:01:43] [WARN] [UOM001] [UOM001] Единица измерения не указана — данных для проверки нет
[2025-11-05 18:01:43] [ERROR] [PRICE001] [PRICE001] Цена не указана или отрицательная — данных для проверки нет
[2025-11-05 18:01:43] [WARN] [PRICE002] [PRICE002] Цена указана с аномально высокой точностью — данных для проверки нет
[2025-11-05 18:01:43] [INFO] [DISC001] [DISC001] Применена скидка — данных для проверки нет
[2025-11-05 18:01:43] [WARN] [DISC002] [DISC002] Скидка превышает 50 % — данных для проверки нет
[2025-11-05 18:01:43] [ERROR] [LINE001] [LINE001] Отсутствуют строки документа — данных для проверки нет
[2025-11-05 18:01:43] [WARN] [LINE002] [LINE002] Количество строк подозрительно велико (> 1000) — данных для проверки нет
[2025-11-05 18:01:43] [INFO] [REF001] [REF001] Указан связанный документ (исходный ЭСФ) — данных для проверки нет
[2025-11-05 18:01:43] [WARN] [REF002] [REF002] Не найден связанный документ по ссылке — данных для проверки нет
[2025-11-05 18:01:43] [ERROR] [SIG001] [SIG001] Отсутствует ЭЦП — данных для проверки нет
[2025-11-05 18:01:43] [WARN] [SIG002] [SIG002] ЭЦП недействительна или просрочена — данных для проверки нет
[2025-11-05 18:01:43] [INFO] [META001] [META001] Документ содержит служебные поля (debug, test) — данных для проверки нет
[2025-11-05 18:01:43] [WARN] [META002] [META002] Документ создан в тестовом режиме — данных для проверки нет
[2025-11-05 18:01:43] [ERROR] [AUTH001] [AUTH001] Не указано лицо, подписавшее документ — данных для проверки нет
[2025-11-05 18:01:43] [WARN] [AUTH002] [AUTH002] Подписант не совпадает с директором компании — данных для проверки нет
[2025-11-05 18:01:43] [INFO] [SYS001] [SYS001] Проверка выполнена успешно — данных для проверки нет
[2025-11-05 18:10:12] [WARN] [TOT001] [TOT001] Недостаточно данных для проверки.
[2025-11-05 18:10:12] [WARN] [NEG001] [NEG001] Недостаточно данных для проверки.
[2025-11-05 18:10:12] [WARN] [D001] [D001] Недостаточно данных для проверки.
[2025-11-05 18:10:12] [WARN] [TOT001] [TOT001] Недостаточно данных для проверки.
[2025-11-05 18:10:12] [WARN] [NEG001] [NEG001] Недостаточно данных для проверки.
[2025-11-05 18:10:12] [WARN] [D001] [D001] Недостаточно данных для проверки.
[2025-11-05 18:10:12] [ERROR] [F001] [F001] Пустой или недопустимый формат файла — данных для проверки нет
[2025-11-05 18:10:12] [ERROR] [F002] [F002] Отсутствуют обязательные поля верхнего уровня — данных для проверки нет
[2025-11-05 18:10:12] [ERROR] [F003] [F003] «PDF-скан без вложенного XML не поддерживается в V0. Используйте Excel-шаблон или PDF с XML/UBL-вложением.» — данных для проверки нет
[2025-11-05 18:10:12] [ERROR] [D002] [D002] Дата вне отчётного периода (если задан) — данных для проверки нет
[2025-11-05 18:10:12] [ERROR] [N001] [N001] Номер пустой/слишком длинный/недопустимые символы — данных для проверки нет
[2025-11-05 18:10:12] [ERROR] [ID001] [ID001] seller_id (БИН/ИНН) неверной длины/маски — данных для проверки нет
[2025-11-05 18:10:12] [ERROR] [ID002] [ID002] buyer_id (БИН/ИНН) неверной длины/маски — данных для проверки нет
[2025-11-05 18:10:12] [WARN] [ID003] [ID003] Продавец и покупатель совпадают — данных для проверки нет
[2025-11-05 18:10:12] [ERROR] [CUR001] [CUR001] Недопустимый код валюты (не ISO-4217) — данных для проверки нет
[2025-11-05 18:10:12] [WARN] [CUR002] [CUR002] Курс валюты не задан при отличии от KZT — данных для проверки нет
[2025-11-05 18:10:12] [ERROR] [AMT001] [AMT001] Отсутствует общая сумма — данных для проверки нет
[2025-11-05 18:10:12] [WARN] [TOT002] [TOT002] Сумма строк равна итогу, но округление превышает 1 KZT — данных для проверки нет
[2025-11-05 18:10:12] [INFO] [ROUND001] [ROUND001] Применено округление при расчёте суммы — данных для проверки нет
[2025-11-05 18:10:12] [WARN] [ROUND002] [ROUND002] Сумма округлена с превышением допустимой погрешности — данных для проверки нет
[2025-11-05 18:10:12] [ERROR] [VAT001] [VAT001] Не указан НДС по строкам — данных для проверки нет
[2025-11-05 18:10:12] [WARN] [VAT002] [VAT002] Ставка НДС указана частично — данных для проверки нет
[2025-11-05 18:10:12] [INFO] [VAT003] [VAT003] НДС не применяется (освобождение) — данных для проверки нет
[2025-11-05 18:10:12] [ERROR] [VAT004] [VAT004] Неверная ставка НДС (не число) — данных для проверки нет
[2025-11-05 18:10:12] [ERROR] [QTY001] [QTY001] Количество товара отсутствует или ноль — данных для проверки нет
[2025-11-05 18:10:12] [WARN] [QTY002] [QTY002] Количество товара отрицательное — данных для проверки нет
[2025-11-05 18:10:12] [WARN] [UOM001] [UOM001] Единица измерения не указана — данных для проверки нет
[2025-11-05 18:10:12] [ERROR] [PRICE001] [PRICE001] Цена не указана или отрицательная — данных для проверки нет
[2025-11-05 18:10:12] [WARN] [PRICE002] [PRICE002] Цена указана с аномально высокой точностью — данных для проверки нет
[2025-11-05 18:10:12] [INFO] [DISC001] [DISC001] Применена скидка — данных для проверки нет
[2025-11-05 18:10:12] [WARN] [DISC002] [DISC002] Скидка превышает 50 % — данных для проверки нет
[2025-11-05 18:10:12] [ERROR] [LINE001] [LINE001] Отсутствуют строки документа — данных для проверки нет
[2025-11-05 18:10:12] [WARN] [LINE002] [LINE002] Количество строк подозрительно велико (> 1000) — данных для проверки нет
[2025-11-05 18:10:12] [INFO] [REF001] [REF001] Указан связанный документ (исходный ЭСФ) — данных для проверки нет
[2025-11-05 18:10:12] [WARN] [REF002] [REF002] Не найден связанный документ по ссылке — данных для проверки нет
[2025-11-05 18:10:12] [ERROR] [SIG001] [SIG001] Отсутствует ЭЦП — данных для проверки нет
[2025-11-05 18:10:12] [WARN] [SIG002] [SIG002] ЭЦП недействительна или просрочена — данных для проверки нет
[2025-11-05 18:10:12] [INFO] [META001] [META001] Документ содержит служебные поля (debug, test) — данных для проверки нет
[2025-11-05 18:10:12] [WARN] [META002] [META002] Документ создан в тестовом режиме — данных для проверки нет
[2025-11-05 18:10:12] [ERROR] [AUTH001] [AUTH001] Не указано лицо, подписавшее документ — данных для проверки нет
[2025-11-05 18:10:12] [WARN] [AUTH002] [AUTH002] Подписант не совпадает с директором компании — данных для проверки нет
[2025-11-05 18:10:12] [INFO] [SYS001] [SYS001] Проверка выполнена успешно — данных для проверки нет
[2025-11-05 18:17:15] [ERROR] [BIN001] ❌ [BIN001] Проверка не пройдена.
[2025-11-05 18:17:15] [ERROR] [BIN002] ❌ [BIN002] Проверка не пройдена.
[2025-11-05 18:17:15] [ERROR] [BIN001] ❌ [BIN001] Проверка не пройдена.
[2025-11-05 18:17:15] [ERROR] [BIN002] ❌ [BIN002] Проверка не пройдена.
[2025-11-05 18:20:01] [ERROR] [BIN001] ❌ [BIN001] Проверка не пройдена.
[2025-11-05 18:20:01] [ERROR] [BIN002] ❌ [BIN002] Проверка не пройдена.
[2025-11-05 18:20:01] [ERROR] [BIN001] ❌ [BIN001] Проверка не пройдена.
[2025-11-05 18:20:01] [ERROR] [BIN002] ❌ [BIN002] Проверка не пройдена.
[2025-11-05 18:20:07] [ERROR] [BIN001] ❌ [BIN001] Проверка не пройдена.
[2025-11-05 18:20:07] [ERROR] [BIN002] ❌ [BIN002] Проверка не пройдена.
[2025-11-05 18:20:07] [ERROR] [BIN001] ❌ [BIN001] Проверка не пройдена.
[2025-11-05 18:20:07] [ERROR] [BIN002] ❌ [BIN002] Проверка не пройдена.
[2025-11-05 19:14:12] [ERROR] [BIN001] ❌ [BIN001] Проверка не пройдена.
[2025-11-05 19:14:12] [ERROR] [BIN002] ❌ [BIN002] Проверка не пройдена.
[2025-11-05 19:14:12] [ERROR] [BIN001] ❌ [BIN001] Проверка не пройдена.
[2025-11-05 19:14:12] [ERROR] [BIN002] ❌ [BIN002] Проверка не пройдена.
[2025-11-05 19:18:35] [WARN] [TOT001] ⚠️ [TOT001] Невозможно проверить — нет строк в документе.
[2025-11-05 19:18:35] [WARN] [NEG001] ⚠️ [NEG001] Невозможно проверить — сумма не указана.
[2025-11-05 19:18:35] [WARN] [D001] ⚠️ [D001] Дата выписки не указана.
[2025-11-05 19:18:35] [WARN] [TOT001] ⚠️ [TOT001] Невозможно проверить — нет строк в документе.
[2025-11-05 19:18:35] [WARN] [NEG001] ⚠️ [NEG001] Невозможно проверить — сумма не указана.
[2025-11-05 19:18:35] [WARN] [D001] ⚠️ [D001] Дата выписки не указана.
[2025-11-05 19:24:40] [WARN] [TOT001] ⚠️ [TOT001] Невозможно проверить — нет строк в документе.
[2025-11-05 19:24:40] [WARN] [NEG001] ⚠️ [NEG001] Невозможно проверить — сумма не указана.
[2025-11-05 19:24:40] [WARN] [D001] ⚠️ [D001] Дата выписки не указана.
[2025-11-05 19:24:40] [ERROR] [BIN001] ❌ [BIN001] БИН поставщика не найден.
[2025-11-05 19:24:40] [ERROR] [BIN002] ❌ [BIN002] БИН получателя не найден.
[2025-11-05 19:24:40] [WARN] [TOT001] ⚠️ [TOT001] Невозможно проверить — нет строк в документе.
[2025-11-05 19:24:40] [WARN] [NEG001] ⚠️ [NEG001] Невозможно проверить — сумма не указана.
[2025-11-05 19:24:40] [WARN] [D001] ⚠️ [D001] Дата выписки не указана.
[2025-11-05 19:24:40] [ERROR] [BIN001] ❌ [BIN001] БИН поставщика не найден.
[2025-11-05 19:24:40] [ERROR] [BIN002] ❌ [BIN002] БИН получателя не найден.
[2025-11-05 19:31:30] [WARN] [TOT001] ⚠️ [TOT001] Невозможно проверить — нет строк в документе.
[2025-11-05 19:31:30] [WARN] [NEG001] ⚠️ [NEG001] Невозможно проверить — сумма не указана.
[2025-11-05 19:31:30] [WARN] [D001] ⚠️ [D001] Дата выписки не указана.
[2025-11-05 19:31:30] [ERROR] [BIN001] ❌ [BIN001] БИН поставщика не найден.
[2025-11-05 19:31:30] [ERROR] [BIN002] ❌ [BIN002] БИН получателя не найден.
[2025-11-05 19:31:30] [WARN] [TOT001] ⚠️ [TOT001] Невозможно проверить — нет строк в документе.
[2025-11-05 19:31:30] [WARN] [NEG001] ⚠️ [NEG001] Невозможно проверить — сумма не указана.
[2025-11-05 19:31:30] [WARN] [D001] ⚠️ [D001] Дата выписки не указана.
[2025-11-05 19:31:30] [ERROR] [BIN001] ❌ [BIN001] БИН поставщика не найден.
[2025-11-05 19:31:30] [ERROR] [BIN002] ❌ [BIN002] БИН получателя не найден.
[2025-11-05 19:34:42] [WARN] [TOT001] ⚠️ [TOT001] Невозможно проверить — нет строк в документе.
[2025-11-05 19:34:42] [WARN] [NEG001] ⚠️ [NEG001] Невозможно проверить — сумма не указана.
[2025-11-05 19:34:42] [WARN] [D001] ⚠️ [D001] Дата выписки не указана.
[2025-11-05 19:34:42] [ERROR] [BIN001] ❌ [BIN001] БИН поставщика не найден.
[2025-11-05 19:34:42] [ERROR] [BIN002] ❌ [BIN002] БИН получателя не найден.
[2025-11-05 19:34:42] [WARN] [TOT001] ⚠️ [TOT001] Невозможно проверить — нет строк в документе.
[2025-11-05 19:34:42] [WARN] [NEG001] ⚠️ [NEG001] Невозможно проверить — сумма не указана.
[2025-11-05 19:34:42] [WARN] [D001] ⚠️ [D001] Дата выписки не указана.
[2025-11-05 19:34:42] [ERROR] [BIN001] ❌ [BIN001] БИН поставщика не найден.
[2025-11-05 19:34:42] [ERROR] [BIN002] ❌ [BIN002] БИН получателя не найден.
[2025-11-05 19:41:38] [WARN] [TOT001] ⚠️ [TOT001] Невозможно проверить — нет строк в документе.
[2025-11-05 19:41:38] [WARN] [NEG001] ⚠️ [NEG001] Невозможно проверить — сумма не указана.
[2025-11-05 19:41:38] [WARN] [D001] ⚠️ [D001] Дата выписки не указана.
[2025-11-05 19:41:38] [ERROR] [BIN001] ❌ [BIN001] БИН поставщика не найден.
[2025-11-05 19:41:38] [ERROR] [BIN002] ❌ [BIN002] БИН получателя не найден.
[2025-11-05 19:41:38] [WARN] [TOT001] ⚠️ [TOT001] Невозможно проверить — нет строк в документе.
[2025-11-05 19:41:38] [WARN] [NEG001] ⚠️ [NEG001] Невозможно проверить — сумма не указана.
[2025-11-05 19:41:38] [WARN] [D001] ⚠️ [D001] Дата выписки не указана.
[2025-11-05 19:41:38] [ERROR] [BIN001] ❌ [BIN001] БИН поставщика не найден.
[2025-11-05 19:41:38] [ERROR] [BIN002] ❌ [BIN002] БИН получателя не найден.
[2025-11-05 19:50:29] [WARN] [TOT001] ⚠️ [TOT001] Невозможно проверить — нет строк в документе.
[2025-11-05 19:50:29] [WARN] [NEG001] ⚠️ [NEG001] Невозможно проверить — сумма не указана.
[2025-11-05 19:50:29] [INFO] [D001] ✅ [D001] Проверка пройдена.
[2025-11-05 19:50:29] [INFO] [BIN001] ✅ [BIN001] Проверка пройдена.
[2025-11-05 19:50:29] [INFO] [BIN002] ✅ [BIN002] Проверка пройдена.
[2025-11-05 19:50:29] [WARN] [TOT001] ⚠️ [TOT001] Невозможно проверить — нет строк в документе.
[2025-11-05 19:50:29] [WARN] [NEG001] ⚠️ [NEG001] Невозможно проверить — сумма не указана.
[2025-11-05 19:50:29] [INFO] [D001] ✅ [D001] Проверка пройдена.
[2025-11-05 19:50:29] [INFO] [BIN001] ✅ [BIN001] Проверка пройдена.
[2025-11-05 19:50:29] [INFO] [BIN002] ✅ [BIN002] Проверка пройдена.
[2025-11-05 19:52:11] [WARN] [TOT001] ⚠️ [TOT001] Невозможно проверить — нет строк в документе.
[2025-11-05 19:52:11] [WARN] [NEG001] ⚠️ [NEG001] Невозможно проверить — сумма не указана.
[2025-11-05 19:52:11] [INFO] [D001] ✅ [D001] Проверка пройдена.
[2025-11-05 19:52:11] [INFO] [BIN001] ✅ [BIN001] Проверка пройдена.
[2025-11-05 19:52:11] [INFO] [BIN002] ✅ [BIN002] Проверка пройдена.
[2025-11-05 19:52:11] [WARN] [TOT001] ⚠️ [TOT001] Невозможно проверить — нет строк в документе.
[2025-11-05 19:52:11] [WARN] [NEG001] ⚠️ [NEG001] Невозможно проверить — сумма не указана.
[2025-11-05 19:52:11] [INFO] [D001] ✅ [D001] Проверка пройдена.
[2025-11-05 19:52:11] [INFO] [BIN001] ✅ [BIN001] Проверка пройдена.
[2025-11-05 19:52:11] [INFO] [BIN002] ✅ [BIN002] Проверка пройдена.
[2025-11-05 19:52:45] [WARN] [TOT001] ⚠️ [TOT001] Невозможно проверить — нет строк в документе.
[2025-11-05 19:52:45] [WARN] [NEG001] ⚠️ [NEG001] Невозможно проверить — сумма не указана.
[2025-11-05 19:52:45] [INFO] [D001] ✅ [D001] Проверка пройдена.
[2025-11-05 19:52:45] [ERROR] [BIN001] ❌ [BIN001] БИН поставщика не найден.
[2025-11-05 19:52:45] [ERROR] [BIN002] ❌ [BIN002] БИН получателя не найден.
[2025-11-05 19:52:45] [WARN] [TOT001] ⚠️ [TOT001] Невозможно проверить — нет строк в документе.
[2025-11-05 19:52:45] [WARN] [NEG001] ⚠️ [NEG001] Невозможно проверить — сумма не указана.
[2025-11-05 19:52:45] [INFO] [D001] ✅ [D001] Проверка пройдена.
[2025-11-05 19:52:45] [ERROR] [BIN001] ❌ [BIN001] БИН поставщика не найден.
[2025-11-05 19:52:45] [ERROR] [BIN002] ❌ [BIN002] БИН получателя не найден.
[2025-11-05 19:53:34] [WARN] [TOT001] ⚠️ [TOT001] Невозможно проверить — нет строк в документе.
[2025-11-05 19:53:34] [WARN] [NEG001] ⚠️ [NEG001] Невозможно проверить — сумма не указана.
[2025-11-05 19:53:34] [INFO] [D001] ✅ [D001] Проверка пройдена.
[2025-11-05 19:53:34] [ERROR] [BIN001] ❌ [BIN001] БИН поставщика не найден.
[2025-11-05 19:53:34] [ERROR] [BIN002] ❌ [BIN002] БИН получателя не найден.
[2025-11-05 19:53:34] [WARN] [TOT001] ⚠️ [TOT001] Невозможно проверить — нет строк в документе.
[2025-11-05 19:53:34] [WARN] [NEG001] ⚠️ [NEG001] Невозможно проверить — сумма не указана.
[2025-11-05 19:53:34] [INFO] [D001] ✅ [D001] Проверка пройдена.
[2025-11-05 19:53:34] [ERROR] [BIN001] ❌ [BIN001] БИН поставщика не найден.
[2025-11-05 19:53:34] [ERROR] [BIN002] ❌ [BIN002] БИН получателя не найден.
[2025-11-05 19:53:43] [ERROR] [TOT001] ❌ [TOT001] Итого по документу не совпадает с суммой строк.
[2025-11-05 19:53:43] [WARN] [NEG001] ⚠️ [NEG001] Невозможно проверить — сумма не указана.
[2025-11-05 19:53:43] [WARN] [D001] ⚠️ [D001] Дата выписки не указана.
[2025-11-05 19:53:43] [ERROR] [BIN001] ❌ [BIN001] БИН поставщика не найден.
[2025-11-05 19:53:43] [ERROR] [BIN002] ❌ [BIN002] БИН получателя не найден.
[2025-11-05 19:53:43] [ERROR] [TOT001] ❌ [TOT001] Итого по документу не совпадает с суммой строк.
[2025-11-05 19:53:43] [WARN] [NEG001] ⚠️ [NEG001] Невозможно проверить — сумма не указана.
[2025-11-05 19:53:43] [WARN] [D001] ⚠️ [D001] Дата выписки не указана.
[2025-11-05 19:53:43] [ERROR] [BIN001] ❌ [BIN001] БИН поставщика не найден.
[2025-11-05 19:53:43] [ERROR] [BIN002] ❌ [BIN002] БИН получателя не найден.
[2025-11-05 19:54:09] [WARN] [TOT001] ⚠️ [TOT001] Невозможно проверить — нет строк в документе.
[2025-11-05 19:54:09] [WARN] [NEG001] ⚠️ [NEG001] Невозможно проверить — сумма не указана.
[2025-11-05 19:54:09] [INFO] [D001] ✅ [D001] Проверка пройдена.
[2025-11-05 19:54:09] [ERROR] [BIN001] ❌ [BIN001] БИН поставщика не найден.
[2025-11-05 19:54:09] [ERROR] [BIN002] ❌ [BIN002] БИН получателя не найден.
[2025-11-05 19:54:09] [WARN] [TOT001] ⚠️ [TOT001] Невозможно проверить — нет строк в документе.
[2025-11-05 19:54:09] [WARN] [NEG001] ⚠️ [NEG001] Невозможно проверить — сумма не указана.
[2025-11-05 19:54:09] [INFO] [D001] ✅ [D001] Проверка пройдена.
[2025-11-05 19:54:09] [ERROR] [BIN001] ❌ [BIN001] БИН поставщика не найден.
[2025-11-05 19:54:09] [ERROR] [BIN002] ❌ [BIN002] БИН получателя не найден.
[2025-11-05 19:54:20] [ERROR] [TOT001] ❌ [TOT001] Итого по документу не совпадает с суммой строк.
[2025-11-05 19:54:20] [WARN] [NEG001] ⚠️ [NEG001] Невозможно проверить — сумма не указана.
[2025-11-05 19:54:20] [WARN] [D001] ⚠️ [D001] Дата выписки не указана.
[2025-11-05 19:54:20] [ERROR] [BIN001] ❌ [BIN001] БИН поставщика не найден.
[2025-11-05 19:54:20] [ERROR] [BIN002] ❌ [BIN002] БИН получателя не найден.
[2025-11-05 19:54:20] [ERROR] [TOT001] ❌ [TOT001] Итого по документу не совпадает с суммой строк.
[2025-11-05 19:54:20] [WARN] [NEG001] ⚠️ [NEG001] Невозможно проверить — сумма не указана.
[2025-11-05 19:54:20] [WARN] [D001] ⚠️ [D001] Дата выписки не указана.
[2025-11-05 19:54:20] [ERROR] [BIN001] ❌ [BIN001] БИН поставщика не найден.
[2025-11-05 19:54:20] [ERROR] [BIN002] ❌ [BIN002] БИН получателя не найден.
[2025-11-05 19:54:37] [WARN] [TOT001] ⚠️ [TOT001] Невозможно проверить — нет строк в документе.
[2025-11-05 19:54:37] [WARN] [NEG001] ⚠️ [NEG001] Невозможно проверить — сумма не указана.
[2025-11-05 19:54:37] [INFO] [D001] ✅ [D001] Проверка пройдена.
[2025-11-05 19:54:37] [ERROR] [BIN001] ❌ [BIN001] БИН поставщика не найден.
[2025-11-05 19:54:37] [ERROR] [BIN002] ❌ [BIN002] БИН получателя не найден.
[2025-11-05 19:54:37] [WARN] [TOT001] ⚠️ [TOT001] Невозможно проверить — нет строк в документе.
[2025-11-05 19:54:37] [WARN] [NEG001] ⚠️ [NEG001] Невозможно проверить — сумма не указана.
[2025-11-05 19:54:37] [INFO] [D001] ✅ [D001] Проверка пройдена.
[2025-11-05 19:54:37] [ERROR] [BIN001] ❌ [BIN001] БИН поставщика не найден.
[2025-11-05 19:54:37] [ERROR] [BIN002] ❌ [BIN002] БИН получателя не найден.
[2025-11-05 19:55:03] [ERROR] [TOT001] ❌ [TOT001] Итого по документу не совпадает с суммой строк.
[2025-11-05 19:55:03] [WARN] [NEG001] ⚠️ [NEG001] Невозможно проверить — сумма не указана.
[2025-11-05 19:55:03] [WARN] [D001] ⚠️ [D001] Дата выписки не указана.
[2025-11-05 19:55:03] [ERROR] [BIN001] ❌ [BIN001] БИН поставщика не найден.
[2025-11-05 19:55:03] [ERROR] [BIN002] ❌ [BIN002] БИН получателя не найден.
[2025-11-05 19:55:03] [ERROR] [TOT001] ❌ [TOT001] Итого по документу не совпадает с суммой строк.
[2025-11-05 19:55:03] [WARN] [NEG001] ⚠️ [NEG001] Невозможно проверить — сумма не указана.
[2025-11-05 19:55:03] [WARN] [D001] ⚠️ [D001] Дата выписки не указана.
[2025-11-05 19:55:03] [ERROR] [BIN001] ❌ [BIN001] БИН поставщика не найден.
[2025-11-05 19:55:03] [ERROR] [BIN002] ❌ [BIN002] БИН получателя не найден.
[2025-11-05 19:56:37] [WARN] [TOT001] ⚠️ [TOT001] Невозможно проверить — нет строк в документе.
[2025-11-05 19:56:37] [WARN] [NEG001] ⚠️ [NEG001] Невозможно проверить — сумма не указана.
[2025-11-05 19:56:37] [WARN] [D001] ⚠️ [D001] Дата выписки не указана.
[2025-11-05 19:56:37] [ERROR] [BIN001] ❌ [BIN001] БИН поставщика не найден.
[2025-11-05 19:56:37] [ERROR] [BIN002] ❌ [BIN002] БИН получателя не найден.
[2025-11-05 19:56:37] [WARN] [TOT001] ⚠️ [TOT001] Невозможно проверить — нет строк в документе.
[2025-11-05 19:56:37] [WARN] [NEG001] ⚠️ [NEG001] Невозможно проверить — сумма не указана.
[2025-11-05 19:56:37] [WARN] [D001] ⚠️ [D001] Дата выписки не указана.
[2025-11-05 19:56:37] [ERROR] [BIN001] ❌ [BIN001] БИН поставщика не найден.
[2025-11-05 19:56:37] [ERROR] [BIN002] ❌ [BIN002] БИН получателя не найден.
[2025-11-05 19:59:59] [ERROR] [TOT001] ❌ [TOT001] Итого по документу не совпадает с суммой строк.
[2025-11-05 19:59:59] [WARN] [NEG001] ⚠️ [NEG001] Невозможно проверить — сумма не указана.
[2025-11-05 19:59:59] [WARN] [D001] ⚠️ [D001] Дата выписки не указана.
[2025-11-05 19:59:59] [ERROR] [BIN001] ❌ [BIN001] БИН поставщика не найден.
[2025-11-05 19:59:59] [ERROR] [BIN002] ❌ [BIN002] БИН получателя не найден.
[2025-11-05 19:59:59] [ERROR] [TOT001] ❌ [TOT001] Итого по документу не совпадает с суммой строк.
[2025-11-05 19:59:59] [WARN] [NEG001] ⚠️ [NEG001] Невозможно проверить — сумма не указана.
[2025-11-05 19:59:59] [WARN] [D001] ⚠️ [D001] Дата выписки не указана.
[2025-11-05 19:59:59] [ERROR] [BIN001] ❌ [BIN001] БИН поставщика не найден.
[2025-11-05 19:59:59] [ERROR] [BIN002] ❌ [BIN002] БИН получателя не найден.
[2025-11-05 20:00:09] [WARN] [TOT001] ⚠️ [TOT001] Невозможно проверить — нет строк в документе.
[2025-11-05 20:00:09] [WARN] [NEG001] ⚠️ [NEG001] Невозможно проверить — сумма не указана.
[2025-11-05 20:00:09] [WARN] [D001] ⚠️ [D001] Дата выписки не указана.
[2025-11-05 20:00:09] [INFO] [BIN001] ✅ [BIN001] Проверка пройдена.
[2025-11-05 20:00:09] [INFO] [BIN002] ✅ [BIN002] Проверка пройдена.
[2025-11-05 20:00:09] [WARN] [TOT001] ⚠️ [TOT001] Невозможно проверить — нет строк в документе.
[2025-11-05 20:00:09] [WARN] [NEG001] ⚠️ [NEG001] Невозможно проверить — сумма не указана.
[2025-11-05 20:00:09] [WARN] [D001] ⚠️ [D001] Дата выписки не указана.
[2025-11-05 20:00:09] [INFO] [BIN001] ✅ [BIN001] Проверка пройдена.
[2025-11-05 20:00:09] [INFO] [BIN002] ✅ [BIN002] Проверка пройдена.
[2025-11-05 20:00:37] [WARN] [TOT001] ⚠️ [TOT001] Невозможно проверить — нет строк в документе.
[2025-11-05 20:00:37] [WARN] [NEG001] ⚠️ [NEG001] Невозможно проверить — сумма не указана.
[2025-11-05 20:00:37] [INFO] [D001] ✅ [D001] Проверка пройдена.
[2025-11-05 20:00:37] [ERROR] [BIN001] ❌ [BIN001] БИН поставщика не найден.
[2025-11-05 20:00:37] [INFO] [BIN002] ✅ [BIN002] Проверка пройдена.
[2025-11-05 20:00:37] [WARN] [TOT001] ⚠️ [TOT001] Невозможно проверить — нет строк в документе.
[2025-11-05 20:00:37] [WARN] [NEG001] ⚠️ [NEG001] Невозможно проверить — сумма не указана.
[2025-11-05 20:00:37] [INFO] [D001] ✅ [D001] Проверка пройдена.
[2025-11-05 20:00:37] [ERROR] [BIN001] ❌ [BIN001] БИН поставщика не найден.
[2025-11-05 20:00:37] [INFO] [BIN002] ✅ [BIN002] Проверка пройдена.
[2025-11-06 00:17:26] [ERROR] [TOT001] ❌ [TOT001] Итого по документу не совпадает с суммой строк.
[2025-11-06 00:17:26] [WARN] [NEG001] ⚠️ [NEG001] Невозможно проверить — сумма не указана.
[2025-11-06 00:17:26] [WARN] [D001] ⚠️ [D001] Дата выписки не указана.
[2025-11-06 00:17:26] [ERROR] [BIN001] ❌ [BIN001] БИН поставщика не найден.
[2025-11-06 00:17:26] [ERROR] [BIN002] ❌ [BIN002] БИН получателя не найден.
[2025-11-06 00:17:26] [ERROR] [TOT001] ❌ [TOT001] Итого по документу не совпадает с суммой строк.
[2025-11-06 00:17:26] [WARN] [NEG001] ⚠️ [NEG001] Невозможно проверить — сумма не указана.
[2025-11-06 00:17:26] [WARN] [D001] ⚠️ [D001] Дата выписки не указана.
[2025-11-06 00:17:26] [ERROR] [BIN001] ❌ [BIN001] БИН поставщика не найден.
[2025-11-06 00:17:26] [ERROR] [BIN002] ❌ [BIN002] БИН получателя не найден.
[2025-11-06 00:17:47] [WARN] [TOT001] ⚠️ [TOT001] Невозможно проверить — нет строк в документе.
[2025-11-06 00:17:47] [WARN] [NEG001] ⚠️ [NEG001] Невозможно проверить — сумма не указана.
[2025-11-06 00:17:47] [WARN] [D001] ⚠️ [D001] Дата выписки не указана.
[2025-11-06 00:17:47] [INFO] [BIN001] ✅ [BIN001] Проверка пройдена.
[2025-11-06 00:17:47] [INFO] [BIN002] ✅ [BIN002] Проверка пройдена.
[2025-11-06 00:17:47] [WARN] [TOT001] ⚠️ [TOT001] Невозможно проверить — нет строк в документе.
[2025-11-06 00:17:47] [WARN] [NEG001] ⚠️ [NEG001] Невозможно проверить — сумма не указана.
[2025-11-06 00:17:47] [WARN] [D001] ⚠️ [D001] Дата выписки не указана.
[2025-11-06 00:17:47] [INFO] [BIN001] ✅ [BIN001] Проверка пройдена.
[2025-11-06 00:17:47] [INFO] [BIN002] ✅ [BIN002] Проверка пройдена.
[2025-11-06 12:37:35] [ERROR] [TOT001] ❌ [TOT001] Итого по документу не совпадает с суммой строк.
[2025-11-06 12:37:35] [WARN] [NEG001] ⚠️ [NEG001] Невозможно проверить — сумма не указана.
[2025-11-06 12:37:35] [WARN] [D001] ⚠️ [D001] Дата выписки не указана.
[2025-11-06 12:37:35] [ERROR] [BIN001] ❌ [BIN001] БИН поставщика не найден.
[2025-11-06 12:37:35] [ERROR] [BIN002] ❌ [BIN002] БИН получателя не найден.
[2025-11-06 12:37:35] [ERROR] [BIN001] ❌ [BIN001] БИН поставщика не найден.
[2025-11-06 12:37:35] [ERROR] [BIN002] ❌ [BIN002] БИН получателя не найден.
[2025-11-06 12:37:35] [WARN] [D001] ⚠️ [D001] Дата выписки не указана.
[2025-11-06 12:37:35] [ERROR] [TOT001] ❌ [TOT001] Итого по документу не совпадает с суммой строк.
[2025-11-06 12:37:35] [WARN] [NEG001] ⚠️ [NEG001] Невозможно проверить — сумма не указана.
[2025-11-06 12:38:27] [WARN] [TOT001] ⚠️ [TOT001] Невозможно проверить — нет строк в документе.
[2025-11-06 12:38:27] [WARN] [NEG001] ⚠️ [NEG001] Невозможно проверить — сумма не указана.
[2025-11-06 12:38:27] [INFO] [D001] ✅ [D001] Проверка пройдена.
[2025-11-06 12:38:27] [INFO] [BIN001] ✅ [BIN001] Проверка пройдена.
[2025-11-06 12:38:27] [INFO] [BIN002] ✅ [BIN002] Проверка пройдена.
[2025-11-06 12:38:27] [INFO] [BIN001] ✅ [BIN001] Проверка пройдена.
[2025-11-06 12:38:27] [INFO] [BIN002] ✅ [BIN002] Проверка пройдена.
[2025-11-06 12:38:27] [INFO] [D001] ✅ [D001] Проверка пройдена.
[2025-11-06 12:38:27] [WARN] [TOT001] ⚠️ [TOT001] Невозможно проверить — нет строк в документе.
[2025-11-06 12:38:27] [WARN] [NEG001] ⚠️ [NEG001] Невозможно проверить — сумма не указана.
[2025-11-06 22:40:40] [ERROR] [TOT001] ❌ [TOT001] Итого по документу не совпадает с суммой строк.
[2025-11-06 22:40:40] [WARN] [NEG001] ⚠️ [NEG001] Невозможно проверить — сумма не указана.
[2025-11-06 22:40:40] [WARN] [D001] ⚠️ [D001] Дата выписки не указана.
[2025-11-06 22:40:40] [ERROR] [BIN001] ❌ [BIN001] БИН поставщика не найден.
[2025-11-06 22:40:40] [ERROR] [BIN002] ❌ [BIN002] БИН получателя не найден.
[2025-11-06 22:41:56] [WARN] [TOT001] ⚠️ [TOT001] Невозможно проверить — нет строк в документе.
[2025-11-06 22:41:56] [WARN] [NEG001] ⚠️ [NEG001] Невозможно проверить — сумма не указана.
[2025-11-06 22:41:56] [INFO] [D001] ✅ [D001] Проверка пройдена.
[2025-11-06 22:41:56] [INFO] [BIN001] ✅ [BIN001] Проверка пройдена.
[2025-11-06 22:41:56] [INFO] [BIN002] ✅ [BIN002] Проверка пройдена.
[2025-11-06 22:47:32] [WARN] [TOT001] ⚠️ [TOT001] Невозможно проверить — нет строк в документе.
[2025-11-06 22:47:32] [WARN] [NEG001] ⚠️ [NEG001] Невозможно проверить — сумма не указана.
[2025-11-06 22:47:32] [INFO] [D001] ✅ [D001] Проверка пройдена.
[2025-11-06 22:47:32] [INFO] [BIN001] ✅ [BIN001] Проверка пройдена.
[2025-11-06 22:47:32] [INFO] [BIN002] ✅ [BIN002] Проверка пройдена.
[2025-11-06 22:53:04] [WARN] [TOT001] ⚠️ [TOT001] Невозможно проверить — нет строк в документе.
[2025-11-06 22:53:04] [WARN] [NEG001] ⚠️ [NEG001] Невозможно проверить — сумма не указана.
[2025-11-06 22:53:04] [INFO] [D001] ✅ [D001] Проверка пройдена.
[2025-11-06 22:53:04] [INFO] [BIN001] ✅ [BIN001] Проверка пройдена.
[2025-11-06 22:53:04] [INFO] [BIN002] ✅ [BIN002] Проверка пройдена.
[2025-11-06 22:56:46] [WARN] [TOT001] ⚠️ [TOT001] Невозможно проверить — нет строк в документе.
[2025-11-06 22:56:46] [WARN] [NEG001] ⚠️ [NEG001] Невозможно проверить — сумма не указана.
[2025-11-06 22:56:46] [INFO] [D001] ✅ [D001] Проверка пройдена.
[2025-11-06 22:56:46] [INFO] [BIN001] ✅ [BIN001] Проверка пройдена.
[2025-11-06 22:56:46] [INFO] [BIN002] ✅ [BIN002] Проверка пройдена.
[2025-11-06 23:02:30] [WARN] [TOT001] ⚠️ [TOT001] Невозможно проверить — нет строк в документе.
[2025-11-06 23:02:30] [WARN] [NEG001] ⚠️ [NEG001] Невозможно проверить — сумма не указана.
[2025-11-06 23:02:30] [INFO] [D001] ✅ [D001] Проверка пройдена.
[2025-11-06 23:02:30] [INFO] [BIN001] ✅ [BIN001] Проверка пройдена.
[2025-11-06 23:02:30] [INFO] [BIN002] ✅ [BIN002] Проверка пройдена.
[2025-11-06 23:02:30] [WARN] [TOT001] ⚠️ [TOT001] Невозможно проверить — нет строк в документе.
[2025-11-06 23:02:30] [WARN] [NEG001] ⚠️ [NEG001] Невозможно проверить — сумма не указана.
[2025-11-06 23:02:30] [INFO] [D001] ✅ [D001] Проверка пройдена.
[2025-11-06 23:02:30] [INFO] [BIN001] ✅ [BIN001] Проверка пройдена.
[2025-11-06 23:02:30] [INFO] [BIN002] ✅ [BIN002] Проверка пройдена.
[2025-11-06 23:03:07] [WARN] [TOT001] ⚠️ [TOT001] Невозможно проверить — нет строк в документе.
[2025-11-06 23:03:07] [WARN] [NEG001] ⚠️ [NEG001] Невозможно проверить — сумма не указана.
[2025-11-06 23:03:07] [INFO] [D001] ✅ [D001] Проверка пройдена.
[2025-11-06 23:03:07] [INFO] [BIN001] ✅ [BIN001] Проверка пройдена.
[2025-11-06 23:03:07] [INFO] [BIN002] ✅ [BIN002] Проверка пройдена.
[2025-11-06 23:07:58] [WARN] [TOT001] ⚠️ [TOT001] Невозможно проверить — нет строк в документе.
[2025-11-06 23:07:58] [WARN] [NEG001] ⚠️ [NEG001] Невозможно проверить — сумма не указана.
[2025-11-06 23:07:58] [INFO] [D001] ✅ [D001] Проверка пройдена.
[2025-11-06 23:07:58] [INFO] [BIN001] ✅ [BIN001] Проверка пройдена.
[2025-11-06 23:07:58] [INFO] [BIN002] ✅ [BIN002] Проверка пройдена.
[2025-11-06 23:07:58] [WARN] [TOT001] ⚠️ [TOT001] Невозможно проверить — нет строк в документе.
[2025-11-06 23:07:58] [WARN] [NEG001] ⚠️ [NEG001] Невозможно проверить — сумма не указана.
[2025-11-06 23:07:58] [INFO] [D001] ✅ [D001] Проверка пройдена.
[2025-11-06 23:07:58] [INFO] [BIN001] ✅ [BIN001] Проверка пройдена.
[2025-11-06 23:07:58] [INFO] [BIN002] ✅ [BIN002] Проверка пройдена.
[2025-11-06 23:36:33] [ERROR] [BIN001] BIN поставщика отсутствует или некорректен.
[2025-11-06 23:36:33] [ERROR] [BIN002] BIN покупателя отсутствует или некорректен.
[2025-11-06 23:36:33] [INFO] [D001] Дата счёта не распознана.
[2025-11-06 23:36:33] [WARN] [TOT001] Итоговая сумма отсутствует.
[2025-11-06 23:36:33] [WARN] [NEG001] Итоговая сумма отсутствует.
[2025-11-06 23:39:29] [ERROR] [BIN001] BIN поставщика отсутствует или некорректен.
[2025-11-06 23:39:29] [ERROR] [BIN002] BIN покупателя отсутствует или некорректен.
[2025-11-06 23:39:29] [INFO] [D001] Дата счёта не распознана.
[2025-11-06 23:39:29] [WARN] [TOT001] Итоговая сумма отсутствует.
[2025-11-06 23:39:29] [WARN] [NEG001] Итоговая сумма отсутствует.
[2025-11-06 23:39:55] [INFO] [BIN001] Проверка пройдена.
[2025-11-06 23:39:55] [INFO] [BIN002] Проверка пройдена.
[2025-11-06 23:39:55] [INFO] [D001] Дата счёта не в будущем.
[2025-11-06 23:39:55] [WARN] [TOT001] Итоговая сумма отсутствует.
[2025-11-06 23:39:55] [WARN] [NEG001] Итоговая сумма отсутствует.
[2025-11-06 23:44:28] [INFO] [BIN001] Проверка пройдена.
[2025-11-06 23:44:28] [INFO] [BIN002] Проверка пройдена.
[2025-11-06 23:44:28] [INFO] [D001] Дата счёта не в будущем.
[2025-11-06 23:44:28] [WARN] [TOT001] Итоговая сумма отсутствует.
[2025-11-06 23:44:28] [WARN] [NEG001] Итоговая сумма отсутствует.
[2025-11-06 23:46:37] [ERROR] [BIN001] BIN поставщика отсутствует или некорректен.
[2025-11-06 23:46:37] [ERROR] [BIN002] BIN покупателя отсутствует или некорректен.
[2025-11-06 23:46:37] [INFO] [D001] Дата счёта не распознана.
[2025-11-06 23:46:37] [WARN] [TOT001] Итоговая сумма отсутствует.
[2025-11-06 23:46:37] [WARN] [NEG001] Итоговая сумма отсутствует.
[2025-11-06 23:46:49] [ERROR] [BIN001] BIN поставщика отсутствует или некорректен.
[2025-11-06 23:46:49] [ERROR] [BIN002] BIN покупателя отсутствует или некорректен.
[2025-11-06 23:46:49] [INFO] [D001] Дата счёта не распознана.
[2025-11-06 23:46:49] [WARN] [TOT001] Итоговая сумма отсутствует.
[2025-11-06 23:46:49] [WARN] [NEG001] Итоговая сумма отсутствует.
[2025-11-07 11:33:00] [ERROR] [BIN001] BIN поставщика отсутствует или некорректен.
[2025-11-07 11:33:00] [ERROR] [BIN002] BIN покупателя отсутствует или некорректен.
[2025-11-07 11:33:00] [INFO] [D001] Дата счёта не распознана.
[2025-11-07 11:33:00] [WARN] [TOT001] Итоговая сумма отсутствует.
[2025-11-07 11:33:00] [WARN] [NEG001] Итоговая сумма отсутствует.
[2025-11-07 11:33:48] [ERROR] [BIN001] BIN поставщика отсутствует или некорректен.
[2025-11-07 11:33:48] [ERROR] [BIN002] BIN покупателя отсутствует или некорректен.
[2025-11-07 11:33:48] [INFO] [D001] Дата счёта не распознана.
[2025-11-07 11:33:48] [WARN] [TOT001] Итоговая сумма отсутствует.
[2025-11-07 11:33:48] [WARN] [NEG001] Итоговая сумма отсутствует.
[2025-11-07 11:45:10] [ERROR] [BIN001] BIN поставщика отсутствует или некорректен.
[2025-11-07 11:45:10] [ERROR] [BIN002] BIN покупателя отсутствует или некорректен.
[2025-11-07 11:45:10] [INFO] [D001] Дата счёта не распознана.
[2025-11-07 11:45:10] [WARN] [TOT001] Итоговая сумма отсутствует.
[2025-11-07 11:45:10] [WARN] [NEG001] Итоговая сумма отсутствует.
[2025-11-07 11:52:22] [ERROR] [BIN001] BIN поставщика отсутствует или некорректен.
[2025-11-07 11:52:22] [ERROR] [BIN002] BIN покупателя отсутствует или некорректен.
[2025-11-07 11:52:22] [ERROR] [D000] Дата счёта отсутствует или не распознана.
[2025-11-07 11:52:22] [INFO] [D001] Дата не распознана (см. D000).
[2025-11-07 11:52:22] [WARN] [TOT001] Итоговая сумма отсутствует.
[2025-11-07 11:52:22] [WARN] [NEG001] Итоговая сумма отсутствует.
[2025-11-07 11:56:35] [ERROR] [BIN001] BIN поставщика отсутствует или некорректен.
[2025-11-07 11:56:35] [ERROR] [BIN002] BIN покупателя отсутствует или некорректен.
[2025-11-07 11:56:35] [ERROR] [D000] Дата счёта отсутствует или не распознана.
[2025-11-07 11:56:35] [WARN] [TOT001] Итоговая сумма отсутствует.
[2025-11-07 11:56:35] [WARN] [NEG001] Итоговая сумма отсутствует.
[2025-11-07 12:07:39] [ERROR] [BIN001] BIN поставщика отсутствует или некорректен.
[2025-11-07 12:07:39] [ERROR] [BIN002] BIN покупателя отсутствует или некорректен.
[2025-11-07 12:07:39] [ERROR] [D000] Дата счёта отсутствует или не распознана.
[2025-11-07 12:07:39] [WARN] [TOT001] Итоговая сумма отсутствует.
[2025-11-07 12:07:39] [WARN] [NEG001] Итоговая сумма отсутствует.
[2025-11-07 12:08:32] [INFO] [BIN001] Проверка пройдена.
[2025-11-07 12:08:32] [INFO] [BIN002] Проверка пройдена.
[2025-11-07 12:08:32] [INFO] [D000] Дата присутствует и распознана.
[2025-11-07 12:08:32] [INFO] [D001] Дата счёта не в будущем.
[2025-11-07 12:08:32] [WARN] [TOT001] Итоговая сумма отсутствует.
[2025-11-07 12:08:32] [WARN] [NEG001] Итоговая сумма отсутствует.
[2025-11-07 13:13:08] [INFO] [BIN001] Проверка пройдена.
[2025-11-07 13:13:08] [ERROR] [BIN002] BIN покупателя отсутствует или некорректен.
[2025-11-07 13:13:08] [INFO] [D000] Дата присутствует и распознана.
[2025-11-07 13:13:08] [INFO] [D001] Дата счёта не в будущем.
[2025-11-07 13:13:08] [WARN] [TOT001] Итоговая сумма отсутствует.
[2025-11-07 13:13:08] [WARN] [NEG001] Итоговая сумма отсутствует.
[2025-11-07 13:27:50] [INFO] [BIN001] Проверка пройдена.
[2025-11-07 13:27:50] [ERROR] [BIN002] BIN покупателя отсутствует или некорректен.
[2025-11-07 13:27:50] [INFO] [D000] Дата присутствует и распознана.
[2025-11-07 13:27:50] [INFO] [D001] Дата счёта не в будущем.
[2025-11-07 13:27:50] [WARN] [TOT001] Итоговая сумма отсутствует.
[2025-11-07 13:27:50] [WARN] [NEG001] Итоговая сумма отсутствует.
[2025-11-07 13:34:17] [ERROR] [BIN001] BIN поставщика отсутствует или некорректен.
[2025-11-07 13:34:17] [ERROR] [BIN002] BIN покупателя отсутствует или некорректен.
[2025-11-07 13:34:17] [ERROR] [D000] Дата счёта отсутствует или не распознана.
[2025-11-07 13:34:17] [WARN] [TOT001] Итоговая сумма отсутствует.
[2025-11-07 13:34:17] [WARN] [NEG001] Итоговая сумма отсутствует.
[2025-11-07 13:34:29] [INFO] [BIN001] Проверка пройдена.
[2025-11-07 13:34:29] [ERROR] [BIN002] BIN покупателя отсутствует или некорректен.
[2025-11-07 13:34:29] [INFO] [D000] Дата присутствует и распознана.
[2025-11-07 13:34:29] [INFO] [D001] Дата счёта не в будущем.
[2025-11-07 13:34:29] [WARN] [TOT001] Итоговая сумма отсутствует.
[2025-11-07 13:34:29] [WARN] [NEG001] Итоговая сумма отсутствует.
[2025-11-07 13:38:40] [INFO] [BIN001] Проверка пройдена.
[2025-11-07 13:38:40] [ERROR] [BIN002] BIN покупателя отсутствует или некорректен.
[2025-11-07 13:38:40] [INFO] [D000] Дата присутствует и распознана.
[2025-11-07 13:38:40] [INFO] [D001] Дата счёта не в будущем.
[2025-11-07 13:38:40] [WARN] [TOT001] Итоговая сумма отсутствует.
[2025-11-07 13:38:40] [WARN] [NEG001] Итоговая сумма отсутствует.
[2025-11-07 13:39:00] [ERROR] [BIN001] BIN поставщика отсутствует или некорректен.
[2025-11-07 13:39:00] [ERROR] [BIN002] BIN покупателя отсутствует или некорректен.
[2025-11-07 13:39:00] [ERROR] [D000] Дата счёта отсутствует или не распознана.
[2025-11-07 13:39:00] [WARN] [TOT001] Итоговая сумма отсутствует.
[2025-11-07 13:39:00] [WARN] [NEG001] Итоговая сумма отсутствует.
[2025-11-07 13:40:24] [INFO] [BIN001] Проверка пройдена.
[2025-11-07 13:40:24] [ERROR] [BIN002] BIN покупателя отсутствует или некорректен.
[2025-11-07 13:40:24] [INFO] [D000] Дата присутствует и распознана.
[2025-11-07 13:40:24] [INFO] [D001] Дата счёта не в будущем.
[2025-11-07 13:40:24] [WARN] [TOT001] Итоговая сумма отсутствует.
[2025-11-07 13:40:24] [WARN] [NEG001] Итоговая сумма отсутствует.
[2025-11-07 13:45:28] [ERROR] [BIN001] BIN поставщика отсутствует или некорректен.
[2025-11-07 13:45:28] [ERROR] [BIN002] BIN покупателя отсутствует или некорректен.
[2025-11-07 13:45:28] [ERROR] [D000] Дата счёта отсутствует или не распознана.
[2025-11-07 13:45:28] [WARN] [TOT001] Итоговая сумма отсутствует.
[2025-11-07 13:45:28] [WARN] [NEG001] Итоговая сумма отсутствует.
[2025-11-07 13:45:43] [ERROR] [BIN001] BIN поставщика отсутствует или некорректен.
[2025-11-07 13:45:43] [ERROR] [BIN002] BIN покупателя отсутствует или некорректен.
[2025-11-07 13:45:43] [ERROR] [D000] Дата счёта отсутствует или не распознана.
[2025-11-07 13:45:43] [WARN] [TOT001] Итоговая сумма отсутствует.
[2025-11-07 13:45:43] [WARN] [NEG001] Итоговая сумма отсутствует.
[2025-11-07 13:45:51] [ERROR] [BIN001] BIN поставщика отсутствует или некорректен.
[2025-11-07 13:45:51] [ERROR] [BIN002] BIN покупателя отсутствует или некорректен.
[2025-11-07 13:45:51] [ERROR] [D000] Дата счёта отсутствует или не распознана.
[2025-11-07 13:45:51] [WARN] [TOT001] Итоговая сумма отсутствует.
[2025-11-07 13:45:51] [WARN] [NEG001] Итоговая сумма отсутствует.
[2025-11-07 13:45:58] [ERROR] [BIN001] BIN поставщика отсутствует или некорректен.
[2025-11-07 13:45:58] [ERROR] [BIN002] BIN покупателя отсутствует или некорректен.
[2025-11-07 13:45:58] [ERROR] [D000] Дата счёта отсутствует или не распознана.
[2025-11-07 13:45:58] [WARN] [TOT001] Итоговая сумма отсутствует.
[2025-11-07 13:45:58] [WARN] [NEG001] Итоговая сумма отсутствует.
[2025-11-07 13:46:09] [ERROR] [BIN001] BIN поставщика отсутствует или некорректен.
[2025-11-07 13:46:09] [ERROR] [BIN002] BIN покупателя отсутствует или некорректен.
[2025-11-07 13:46:09] [ERROR] [D000] Дата счёта отсутствует или не распознана.
[2025-11-07 13:46:09] [WARN] [TOT001] Итоговая сумма отсутствует.
[2025-11-07 13:46:09] [WARN] [NEG001] Итоговая сумма отсутствует.
[2025-11-07 13:46:18] [ERROR] [BIN001] BIN поставщика отсутствует или некорректен.
[2025-11-07 13:46:18] [ERROR] [BIN002] BIN покупателя отсутствует или некорректен.
[2025-11-07 13:46:18] [ERROR] [D000] Дата счёта отсутствует или не распознана.
[2025-11-07 13:46:18] [WARN] [TOT001] Итоговая сумма отсутствует.
[2025-11-07 13:46:18] [WARN] [NEG001] Итоговая сумма отсутствует.
[2025-11-07 13:46:37] [ERROR] [BIN001] BIN поставщика отсутствует или некорректен.
[2025-11-07 13:46:37] [ERROR] [BIN002] BIN покупателя отсутствует или некорректен.
[2025-11-07 13:46:37] [ERROR] [D000] Дата счёта отсутствует или не распознана.
[2025-11-07 13:46:37] [WARN] [TOT001] Итоговая сумма отсутствует.
[2025-11-07 13:46:37] [WARN] [NEG001] Итоговая сумма отсутствует.
[2025-11-07 13:46:47] [INFO] [BIN001] Проверка пройдена.
[2025-11-07 13:46:47] [ERROR] [BIN002] BIN покупателя отсутствует или некорректен.
[2025-11-07 13:46:47] [INFO] [D000] Дата присутствует и распознана.
[2025-11-07 13:46:47] [INFO] [D001] Дата счёта не в будущем.
[2025-11-07 13:46:47] [WARN] [TOT001] Итоговая сумма отсутствует.
[2025-11-07 13:46:47] [WARN] [NEG001] Итоговая сумма отсутствует.
[2025-11-07 13:46:55] [ERROR] [BIN001] BIN поставщика отсутствует или некорректен.
[2025-11-07 13:46:55] [ERROR] [BIN002] BIN покупателя отсутствует или некорректен.
[2025-11-07 13:46:55] [ERROR] [D000] Дата счёта отсутствует или не распознана.
[2025-11-07 13:46:55] [WARN] [TOT001] Итоговая сумма отсутствует.
[2025-11-07 13:46:55] [WARN] [NEG001] Итоговая сумма отсутствует.
[2025-11-07 13:47:33] [INFO] [BIN001] Проверка пройдена.
[2025-11-07 13:47:33] [ERROR] [BIN002] BIN покупателя отсутствует или некорректен.
[2025-11-07 13:47:33] [INFO] [D000] Дата присутствует и распознана.
[2025-11-07 13:47:33] [INFO] [D001] Дата счёта не в будущем.
[2025-11-07 13:47:33] [WARN] [TOT001] Итоговая сумма отсутствует.
[2025-11-07 13:47:33] [WARN] [NEG001] Итоговая сумма отсутствует.
[2025-11-07 13:47:46] [ERROR] [BIN001] BIN поставщика отсутствует или некорректен.
[2025-11-07 13:47:46] [ERROR] [BIN002] BIN покупателя отсутствует или некорректен.
[2025-11-07 13:47:46] [ERROR] [D000] Дата счёта отсутствует или не распознана.
[2025-11-07 13:47:46] [WARN] [TOT001] Итоговая сумма отсутствует.
[2025-11-07 13:47:46] [WARN] [NEG001] Итоговая сумма отсутствует.
[2025-11-07 13:52:15] [INFO] [BIN001] Проверка пройдена.
[2025-11-07 13:52:15] [INFO] [BIN002] Проверка пройдена.
[2025-11-07 13:52:15] [INFO] [D000] Дата присутствует и распознана.
[2025-11-07 13:52:15] [INFO] [D001] Дата счёта не в будущем.
[2025-11-07 13:52:15] [ERROR] [TOT001] Сумма строк не равна итогу документа.
[2025-11-07 13:52:15] [INFO] [NEG001] Сумма не отрицательная.
[2025-11-07 13:52:32] [INFO] [BIN001] Проверка пройдена.
[2025-11-07 13:52:32] [ERROR] [BIN002] BIN покупателя отсутствует или некорректен.
[2025-11-07 13:52:32] [INFO] [D000] Дата присутствует и распознана.
[2025-11-07 13:52:32] [INFO] [D001] Дата счёта не в будущем.
[2025-11-07 13:52:32] [WARN] [TOT001] Итоговая сумма отсутствует.
[2025-11-07 13:52:32] [WARN] [NEG001] Итоговая сумма отсутствует.
[2025-11-07 13:53:44] [INFO] [BIN001] Проверка пройдена.
[2025-11-07 13:53:44] [INFO] [BIN002] Проверка пройдена.
[2025-11-07 13:53:44] [INFO] [D000] Дата присутствует и распознана.
[2025-11-07 13:53:44] [INFO] [D001] Дата счёта не в будущем.
[2025-11-07 13:53:44] [ERROR] [TOT001] Сумма строк не равна итогу документа.
[2025-11-07 13:53:44] [INFO] [NEG001] Сумма не отрицательная.
[2025-11-07 13:54:46] [INFO] [BIN001] Проверка пройдена.
[2025-11-07 13:54:46] [ERROR] [BIN002] BIN покупателя отсутствует или некорректен.
[2025-11-07 13:54:46] [INFO] [D000] Дата присутствует и распознана.
[2025-11-07 13:54:46] [INFO] [D001] Дата счёта не в будущем.
[2025-11-07 13:54:46] [WARN] [TOT001] Итоговая сумма отсутствует.
[2025-11-07 13:54:46] [WARN] [NEG001] Итоговая сумма отсутствует.
[2025-11-07 14:01:21] [INFO] [BIN001] Проверка пройдена.
[2025-11-07 14:01:21] [INFO] [BIN002] Проверка пройдена.
[2025-11-07 14:01:21] [INFO] [D000] Дата присутствует и распознана.
[2025-11-07 14:01:21] [INFO] [D001] Дата счёта не в будущем.
[2025-11-07 14:01:21] [ERROR] [TOT001] Сумма строк не равна итогу документа.
[2025-11-07 14:01:21] [INFO] [NEG001] Сумма не отрицательная.
[2025-11-07 14:01:32] [INFO] [BIN001] Проверка пройдена.
[2025-11-07 14:01:32] [INFO] [BIN002] Проверка пройдена.
[2025-11-07 14:01:32] [INFO] [D000] Дата присутствует и распознана.
[2025-11-07 14:01:32] [INFO] [D001] Дата счёта не в будущем.
[2025-11-07 14:01:32] [ERROR] [TOT001] Сумма строк не равна итогу документа.
[2025-11-07 14:01:32] [INFO] [NEG001] Сумма не отрицательная.
[2025-11-07 14:01:48] [INFO] [BIN001] Проверка пройдена.
[2025-11-07 14:01:48] [INFO] [BIN002] Проверка пройдена.
[2025-11-07 14:01:48] [INFO] [D000] Дата присутствует и распознана.
[2025-11-07 14:01:48] [INFO] [D001] Дата счёта не в будущем.
[2025-11-07 14:01:48] [ERROR] [TOT001] Сумма строк не равна итогу документа.
[2025-11-07 14:01:48] [INFO] [NEG001] Сумма не отрицательная.
[2025-11-07 14:01:58] [INFO] [BIN001] Проверка пройдена.
[2025-11-07 14:01:58] [INFO] [BIN002] Проверка пройдена.
[2025-11-07 14:01:58] [INFO] [D000] Дата присутствует и распознана.
[2025-11-07 14:01:58] [INFO] [D001] Дата счёта не в будущем.
[2025-11-07 14:01:58] [ERROR] [TOT001] Сумма строк не равна итогу документа.
[2025-11-07 14:01:58] [INFO] [NEG001] Сумма не отрицательная.
[2025-11-07 14:02:08] [INFO] [BIN001] Проверка пройдена.
[2025-11-07 14:02:08] [INFO] [BIN002] Проверка пройдена.
[2025-11-07 14:02:08] [INFO] [D000] Дата присутствует и распознана.
[2025-11-07 14:02:08] [INFO] [D001] Дата счёта не в будущем.
[2025-11-07 14:02:08] [ERROR] [TOT001] Сумма строк не равна итогу документа.
[2025-11-07 14:02:08] [INFO] [NEG001] Сумма не отрицательная.
[2025-11-07 14:02:20] [INFO] [BIN001] Проверка пройдена.
[2025-11-07 14:02:20] [INFO] [BIN002] Проверка пройдена.
[2025-11-07 14:02:20] [INFO] [D000] Дата присутствует и распознана.
[2025-11-07 14:02:20] [INFO] [D001] Дата счёта не в будущем.
[2025-11-07 14:02:20] [ERROR] [TOT001] Сумма строк не равна итогу документа.
[2025-11-07 14:02:20] [INFO] [NEG001] Сумма не отрицательная.
[2025-11-07 14:02:30] [INFO] [BIN001] Проверка пройдена.
[2025-11-07 14:02:30] [INFO] [BIN002] Проверка пройдена.
[2025-11-07 14:02:30] [INFO] [D000] Дата присутствует и распознана.
[2025-11-07 14:02:30] [ERROR] [D001] Дата счёта в будущем.
[2025-11-07 14:02:30] [ERROR] [TOT001] Сумма строк не равна итогу документа.
[2025-11-07 14:02:30] [INFO] [NEG001] Сумма не отрицательная.
[2025-11-07 14:05:19] [INFO] [BIN001] Проверка пройдена.
[2025-11-07 14:05:19] [INFO] [BIN002] Проверка пройдена.
[2025-11-07 14:05:19] [INFO] [D000] Дата присутствует и распознана.
[2025-11-07 14:05:19] [INFO] [D001] Дата счёта не в будущем.
[2025-11-07 14:05:19] [ERROR] [TOT001] Сумма строк не равна итогу документа.
[2025-11-07 14:05:19] [INFO] [NEG001] Сумма не отрицательная.
[2025-11-07 14:25:15] [ERROR] [BIN001] BIN поставщика отсутствует или некорректен.
[2025-11-07 14:25:15] [ERROR] [BIN002] BIN покупателя отсутствует или некорректен.
[2025-11-07 14:25:15] [INFO] [D000] Дата присутствует и распознана.
[2025-11-07 14:25:15] [INFO] [D001] Дата счёта не в будущем.
[2025-11-07 14:25:15] [ERROR] [TOT001] Сумма строк не равна итогу документа.
[2025-11-07 14:25:15] [INFO] [NEG001] Сумма не отрицательная.
[2025-11-07 14:30:59] [INFO] [BIN001] Проверка пройдена.
[2025-11-07 14:30:59] [INFO] [BIN002] Проверка пройдена.
[2025-11-07 14:30:59] [ERROR] [D000] Дата счёта отсутствует или не распознана.
[2025-11-07 14:30:59] [WARN] [TOT001] Итоговая сумма отсутствует.
[2025-11-07 14:30:59] [WARN] [NEG001] Итоговая сумма отсутствует.
[2025-11-07 14:35:45] [INFO] [BIN001] Проверка пройдена.
[2025-11-07 14:35:45] [INFO] [BIN002] Проверка пройдена.
[2025-11-07 14:35:45] [ERROR] [D000] Дата счёта отсутствует или не распознана.
[2025-11-07 14:35:45] [WARN] [TOT001] Итоговая сумма отсутствует.
[2025-11-07 14:35:45] [WARN] [NEG001] Итоговая сумма отсутствует.
[2025-11-07 14:41:29] [INFO] [BIN001] Проверка пройдена.
[2025-11-07 14:41:29] [INFO] [BIN002] Проверка пройдена.
[2025-11-07 14:41:29] [INFO] [D000] Дата присутствует и распознана.
[2025-11-07 14:41:29] [INFO] [D001] Дата счёта не в будущем.
[2025-11-07 14:41:29] [ERROR] [TOT001] Сумма строк не равна итогу документа.
[2025-11-07 14:41:29] [INFO] [NEG001] Сумма не отрицательная.
[2025-11-07 14:41:41] [INFO] [BIN001] Проверка пройдена.
[2025-11-07 14:41:41] [INFO] [BIN002] Проверка пройдена.
[2025-11-07 14:41:41] [INFO] [D000] Дата присутствует и распознана.
[2025-11-07 14:41:41] [INFO] [D001] Дата счёта не в будущем.
[2025-11-07 14:41:41] [ERROR] [TOT001] Сумма строк не равна итогу документа.
[2025-11-07 14:41:41] [INFO] [NEG001] Сумма не отрицательная.
[2025-11-07 14:41:50] [ERROR] [BIN001] BIN поставщика отсутствует или некорректен.
[2025-11-07 14:41:50] [INFO] [BIN002] Проверка пройдена.
[2025-11-07 14:41:50] [INFO] [D000] Дата присутствует и распознана.
[2025-11-07 14:41:50] [INFO] [D001] Дата счёта не в будущем.
[2025-11-07 14:41:50] [ERROR] [TOT001] Сумма строк не равна итогу документа.
[2025-11-07 14:41:50] [INFO] [NEG001] Сумма не отрицательная.
[2025-11-07 14:42:05] [INFO] [BIN001] Проверка пройдена.
[2025-11-07 14:42:05] [INFO] [BIN002] Проверка пройдена.
[2025-11-07 14:42:05] [ERROR] [D000] Дата счёта отсутствует или не распознана.
[2025-11-07 14:42:05] [ERROR] [TOT001] Сумма строк не равна итогу документа.
[2025-11-07 14:42:05] [INFO] [NEG001] Сумма не отрицательная.
[2025-11-07 14:48:21] [INFO] [BIN001] Проверка пройдена.
[2025-11-07 14:48:21] [INFO] [BIN002] Проверка пройдена.
[2025-11-07 14:48:21] [INFO] [D000] Дата присутствует и распознана.
[2025-11-07 14:48:21] [INFO] [D001] Дата счёта не в будущем.
[2025-11-07 14:48:21] [ERROR] [TOT001] Сумма строк не равна итогу документа.
[2025-11-07 14:48:21] [INFO] [NEG001] Сумма не отрицательная.
[2025-11-07 15:10:57] [INFO] [BIN001] Проверка пройдена.
[2025-11-07 15:10:57] [INFO] [BIN002] Проверка пройдена.
[2025-11-07 15:10:57] [INFO] [D000] Дата присутствует и распознана.
[2025-11-07 15:10:57] [INFO] [D001] Дата счёта не в будущем.
[2025-11-07 15:10:57] [ERROR] [TOT001] Сумма строк не равна итогу документа.
[2025-11-07 15:10:57] [INFO] [NEG001] Сумма не отрицательная.
[2025-11-07 15:11:07] [INFO] [BIN001] Проверка пройдена.
[2025-11-07 15:11:07] [ERROR] [BIN002] BIN покупателя отсутствует или некорректен.
[2025-11-07 15:11:07] [INFO] [D000] Дата присутствует и распознана.
[2025-11-07 15:11:07] [INFO] [D001] Дата счёта не в будущем.
[2025-11-07 15:11:07] [ERROR] [TOT001] Сумма строк не равна итогу документа.
[2025-11-07 15:11:07] [INFO] [NEG001] Сумма не отрицательная.
[2025-11-07 15:12:26] [INFO] [BIN001] Проверка пройдена.
[2025-11-07 15:12:26] [ERROR] [BIN002] BIN покупателя отсутствует или некорректен.
[2025-11-07 15:12:26] [INFO] [D000] Дата присутствует и распознана.
[2025-11-07 15:12:26] [INFO] [D001] Дата счёта не в будущем.
[2025-11-07 15:12:26] [ERROR] [TOT001] Сумма строк не равна итогу документа.
[2025-11-07 15:12:26] [INFO] [NEG001] Сумма не отрицательная.
[2025-11-07 15:13:08] [INFO] [BIN001] Проверка пройдена.
[2025-11-07 15:13:08] [ERROR] [BIN002] BIN покупателя отсутствует или некорректен.
[2025-11-07 15:13:08] [INFO] [D000] Дата присутствует и распознана.
[2025-11-07 15:13:08] [INFO] [D001] Дата счёта не в будущем.
[2025-11-07 15:13:08] [ERROR] [TOT001] Сумма строк не равна итогу документа.
[2025-11-07 15:13:08] [INFO] [NEG001] Сумма не отрицательная.
[2025-11-07 15:13:44] [ERROR] [BIN001] BIN поставщика отсутствует или некорректен.
[2025-11-07 15:13:44] [INFO] [BIN002] Проверка пройдена.
[2025-11-07 15:13:44] [INFO] [D000] Дата присутствует и распознана.
[2025-11-07 15:13:44] [INFO] [D001] Дата счёта не в будущем.
[2025-11-07 15:13:44] [ERROR] [TOT001] Сумма строк не равна итогу документа.
[2025-11-07 15:13:44] [INFO] [NEG001] Сумма не отрицательная.
[2025-11-07 15:15:03] [INFO] [BIN001] Проверка пройдена.
[2025-11-07 15:15:03] [INFO] [BIN002] Проверка пройдена.
[2025-11-07 15:15:03] [INFO] [D000] Дата присутствует и распознана.
[2025-11-07 15:15:03] [INFO] [D001] Дата счёта не в будущем.
[2025-11-07 15:15:03] [ERROR] [TOT001] Сумма строк не равна итогу документа.
[2025-11-07 15:15:03] [INFO] [NEG001] Сумма не отрицательная.
[2025-11-07 15:15:24] [INFO] [BIN001] Проверка пройдена.
[2025-11-07 15:15:24] [INFO] [BIN002] Проверка пройдена.
[2025-11-07 15:15:24] [INFO] [D000] Дата присутствует и распознана.
[2025-11-07 15:15:24] [INFO] [D001] Дата счёта не в будущем.
[2025-11-07 15:15:24] [ERROR] [TOT001] Сумма строк не равна итогу документа.
[2025-11-07 15:15:24] [INFO] [NEG001] Сумма не отрицательная.
[2025-11-07 15:15:40] [INFO] [BIN001] Проверка пройдена.
[2025-11-07 15:15:40] [INFO] [BIN002] Проверка пройдена.
[2025-11-07 15:15:40] [INFO] [D000] Дата присутствует и распознана.
[2025-11-07 15:15:40] [INFO] [D001] Дата счёта не в будущем.
[2025-11-07 15:15:40] [ERROR] [TOT001] Сумма строк не равна итогу документа.
[2025-11-07 15:15:40] [INFO] [NEG001] Сумма не отрицательная.
[2025-11-07 15:15:48] [INFO] [BIN001] Проверка пройдена.
[2025-11-07 15:15:48] [INFO] [BIN002] Проверка пройдена.
[2025-11-07 15:15:48] [INFO] [D000] Дата присутствует и распознана.
[2025-11-07 15:15:48] [INFO] [D001] Дата счёта не в будущем.
[2025-11-07 15:15:48] [ERROR] [TOT001] Сумма строк не равна итогу документа.
[2025-11-07 15:15:48] [INFO] [NEG001] Сумма не отрицательная.
[2025-11-07 15:29:36] [INFO] [BIN001] Проверка пройдена.
[2025-11-07 15:29:36] [INFO] [BIN002] Проверка пройдена.
[2025-11-07 15:29:36] [INFO] [D000] Дата присутствует и распознана.
[2025-11-07 15:29:36] [INFO] [D001] Дата счёта не в будущем.
[2025-11-07 15:29:36] [ERROR] [TOT001] Сумма строк не равна итогу документа.
[2025-11-07 15:29:36] [INFO] [NEG001] Сумма не отрицательная.
[2025-11-07 15:29:53] [INFO] [BIN001] Проверка пройдена.
[2025-11-07 15:29:53] [INFO] [BIN002] Проверка пройдена.
[2025-11-07 15:29:53] [INFO] [D000] Дата присутствует и распознана.
[2025-11-07 15:29:53] [ERROR] [D001] Дата счёта в будущем.
[2025-11-07 15:29:53] [ERROR] [TOT001] Сумма строк не равна итогу документа.
[2025-11-07 15:29:53] [INFO] [NEG001] Сумма не отрицательная.
[2025-11-07 15:30:12] [INFO] [BIN001] Проверка пройдена.
[2025-11-07 15:30:12] [INFO] [BIN002] Проверка пройдена.
[2025-11-07 15:30:12] [INFO] [D000] Дата присутствует и распознана.
[2025-11-07 15:30:12] [INFO] [D001] Дата счёта не в будущем.
[2025-11-07 15:30:12] [ERROR] [TOT001] Сумма строк не равна итогу документа.
[2025-11-07 15:30:12] [INFO] [NEG001] Сумма не отрицательная.
[2025-11-07 15:30:27] [INFO] [BIN001] Проверка пройдена.
[2025-11-07 15:30:27] [INFO] [BIN002] Проверка пройдена.
[2025-11-07 15:30:27] [INFO] [D000] Дата присутствует и распознана.
[2025-11-07 15:30:27] [INFO] [D001] Дата счёта не в будущем.
[2025-11-07 15:30:27] [ERROR] [TOT001] Сумма строк не равна итогу документа.
[2025-11-07 15:30:27] [INFO] [NEG001] Сумма не отрицательная.
[2025-11-07 15:30:35] [INFO] [BIN001] Проверка пройдена.
[2025-11-07 15:30:35] [INFO] [BIN002] Проверка пройдена.
[2025-11-07 15:30:35] [INFO] [D000] Дата присутствует и распознана.
[2025-11-07 15:30:35] [INFO] [D001] Дата счёта не в будущем.
[2025-11-07 15:30:35] [ERROR] [TOT001] Сумма строк не равна итогу документа.
[2025-11-07 15:30:35] [INFO] [NEG001] Сумма не отрицательная.
[2025-11-07 15:30:43] [INFO] [BIN001] Проверка пройдена.
[2025-11-07 15:30:43] [INFO] [BIN002] Проверка пройдена.
[2025-11-07 15:30:43] [INFO] [D000] Дата присутствует и распознана.
[2025-11-07 15:30:43] [INFO] [D001] Дата счёта не в будущем.
[2025-11-07 15:30:43] [ERROR] [TOT001] Сумма строк не равна итогу документа.
[2025-11-07 15:30:43] [INFO] [NEG001] Сумма не отрицательная.
[2025-11-07 15:30:51] [INFO] [BIN001] Проверка пройдена.
[2025-11-07 15:30:51] [ERROR] [BIN002] BIN покупателя отсутствует или некорректен.
[2025-11-07 15:30:51] [INFO] [D000] Дата присутствует и распознана.
[2025-11-07 15:30:51] [INFO] [D001] Дата счёта не в будущем.
[2025-11-07 15:30:51] [ERROR] [TOT001] Сумма строк не равна итогу документа.
[2025-11-07 15:30:51] [INFO] [NEG001] Сумма не отрицательная.
[2025-11-07 15:32:02] [ERROR] [BIN001] BIN поставщика отсутствует или некорректен.
[2025-11-07 15:32:02] [INFO] [BIN002] Проверка пройдена.
[2025-11-07 15:32:02] [INFO] [D000] Дата присутствует и распознана.
[2025-11-07 15:32:02] [INFO] [D001] Дата счёта не в будущем.
[2025-11-07 15:32:02] [ERROR] [TOT001] Сумма строк не равна итогу документа.
[2025-11-07 15:32:02] [INFO] [NEG001] Сумма не отрицательная.
[2025-11-07 15:33:14] [INFO] [BIN001] Проверка пройдена.
[2025-11-07 15:33:14] [INFO] [BIN002] Проверка пройдена.
[2025-11-07 15:33:14] [ERROR] [D000] Дата счёта отсутствует или не распознана.
[2025-11-07 15:33:14] [WARN] [TOT001] Итоговая сумма отсутствует.
[2025-11-07 15:33:14] [WARN] [NEG001] Итоговая сумма отсутствует.
[2025-11-07 15:43:23] [INFO] [BIN001] Проверка пройдена.
[2025-11-07 15:43:23] [INFO] [BIN002] Проверка пройдена.
[2025-11-07 15:43:23] [ERROR] [D000] Дата счёта отсутствует или не распознана.
[2025-11-07 15:43:23] [ERROR] [TOT001] Сумма строк не равна итогу документа.
[2025-11-07 15:43:23] [INFO] [NEG001] Сумма не отрицательная.
[2025-11-07 15:47:59] [INFO] [BIN001] Проверка пройдена.
[2025-11-07 15:47:59] [INFO] [BIN002] Проверка пройдена.
[2025-11-07 15:47:59] [INFO] [D000] Дата присутствует и распознана.
[2025-11-07 15:47:59] [INFO] [D001] Дата счёта не в будущем.
[2025-11-07 15:47:59] [ERROR] [TOT001] Сумма строк не равна итогу документа.
[2025-11-07 15:47:59] [INFO] [NEG001] Сумма не отрицательная.
[2025-11-07 15:48:29] [INFO] [BIN001] Проверка пройдена.
[2025-11-07 15:48:29] [INFO] [BIN002] Проверка пройдена.
[2025-11-07 15:48:29] [ERROR] [D000] Дата счёта отсутствует или не распознана.
[2025-11-07 15:48:29] [ERROR] [TOT001] Сумма строк не равна итогу документа.
[2025-11-07 15:48:29] [INFO] [NEG001] Сумма не отрицательная.
[2025-11-07 15:56:23] [ERROR] [BIN001] BIN поставщика отсутствует или некорректен.
[2025-11-07 15:56:23] [ERROR] [BIN002] BIN покупателя отсутствует или некорректен.
[2025-11-07 15:56:23] [ERROR] [D000] Дата счёта отсутствует или не распознана.
[2025-11-07 15:56:23] [WARN] [TOT001] Итоговая сумма отсутствует.
[2025-11-07 15:56:23] [WARN] [NEG001] Итоговая сумма отсутствует.
[2025-11-07 15:57:32] [ERROR] [BIN001] BIN поставщика отсутствует или некорректен.
[2025-11-07 15:57:32] [ERROR] [BIN002] BIN покупателя отсутствует или некорректен.
[2025-11-07 15:57:32] [INFO] [D000] Дата присутствует и распознана.
[2025-11-07 15:57:32] [INFO] [D001] Дата счёта не в будущем.
[2025-11-07 15:57:32] [WARN] [TOT001] Итоговая сумма отсутствует.
[2025-11-07 15:57:32] [WARN] [NEG001] Итоговая сумма отсутствует.
[2025-11-07 15:57:55] [ERROR] [BIN001] BIN поставщика отсутствует или некорректен.
[2025-11-07 15:57:55] [ERROR] [BIN002] BIN покупателя отсутствует или некорректен.
[2025-11-07 15:57:55] [INFO] [D000] Дата присутствует и распознана.
[2025-11-07 15:57:55] [INFO] [D001] Дата счёта не в будущем.
[2025-11-07 15:57:55] [WARN] [TOT001] Итоговая сумма отсутствует.
[2025-11-07 15:57:55] [WARN] [NEG001] Итоговая сумма отсутствует.
[2025-11-07 16:20:52] [ERROR] [BIN001] BIN поставщика отсутствует или некорректен.
[2025-11-07 16:20:52] [ERROR] [BIN002] BIN покупателя отсутствует или некорректен.
[2025-11-07 16:20:52] [INFO] [D000] Дата присутствует и распознана.
[2025-11-07 16:20:52] [INFO] [D001] Дата счёта не в будущем.
[2025-11-07 16:20:52] [WARN] [TOT001] Итоговая сумма отсутствует.
[2025-11-07 16:20:52] [WARN] [NEG001] Итоговая сумма отсутствует.
[2025-11-07 16:44:19] [ERROR] [BIN001] BIN поставщика отсутствует или некорректен.
[2025-11-07 16:44:19] [ERROR] [BIN002] BIN покупателя отсутствует или некорректен.
[2025-11-07 16:44:19] [INFO] [D000] Дата присутствует и распознана.
[2025-11-07 16:44:19] [INFO] [D001] Дата счёта не в будущем.
[2025-11-07 16:44:19] [WARN] [TOT001] Итоговая сумма отсутствует.
[2025-11-07 16:44:19] [WARN] [NEG001] Итоговая сумма отсутствует.
[2025-11-07 17:24:20] [ERROR] [BIN001] BIN поставщика отсутствует или некорректен.
[2025-11-07 17:24:20] [ERROR] [BIN002] BIN покупателя отсутствует или некорректен.
[2025-11-07 17:24:20] [INFO] [D000] Дата присутствует и распознана.
[2025-11-07 17:24:20] [INFO] [D001] Дата счёта не в будущем.
[2025-11-07 17:24:20] [WARN] [TOT001] Итоговая сумма отсутствует.
[2025-11-07 17:24:20] [WARN] [NEG001] Итоговая сумма отсутствует.
[2025-11-07 17:25:48] [ERROR] [BIN001] BIN поставщика отсутствует или некорректен.
[2025-11-07 17:25:48] [ERROR] [BIN002] BIN покупателя отсутствует или некорректен.
[2025-11-07 17:25:48] [INFO] [D000] Дата присутствует и распознана.
[2025-11-07 17:25:48] [INFO] [D001] Дата счёта не в будущем.
[2025-11-07 17:25:48] [WARN] [TOT001] Итоговая сумма отсутствует.
[2025-11-07 17:25:48] [WARN] [NEG001] Итоговая сумма отсутствует.
[2025-11-07 17:26:10] [ERROR] [BIN001] BIN поставщика отсутствует или некорректен.
[2025-11-07 17:26:10] [ERROR] [BIN002] BIN покупателя отсутствует или некорректен.
[2025-11-07 17:26:10] [INFO] [D000] Дата присутствует и распознана.
[2025-11-07 17:26:10] [INFO] [D001] Дата счёта не в будущем.
[2025-11-07 17:26:10] [WARN] [TOT001] Итоговая сумма отсутствует.
[2025-11-07 17:26:10] [WARN] [NEG001] Итоговая сумма отсутствует.
[2025-11-07 17:26:31] [ERROR] [BIN001] BIN поставщика отсутствует или некорректен.
[2025-11-07 17:26:31] [ERROR] [BIN002] BIN покупателя отсутствует или некорректен.
[2025-11-07 17:26:31] [ERROR] [D000] Дата счёта отсутствует или не распознана.
[2025-11-07 17:26:31] [WARN] [TOT001] Итоговая сумма отсутствует.
[2025-11-07 17:26:31] [WARN] [NEG001] Итоговая сумма отсутствует.
[2025-11-07 17:26:32] [ERROR] [BIN001] BIN поставщика отсутствует или некорректен.
[2025-11-07 17:26:32] [ERROR] [BIN002] BIN покупателя отсутствует или некорректен.
[2025-11-07 17:26:32] [INFO] [D000] Дата присутствует и распознана.
[2025-11-07 17:26:32] [INFO] [D001] Дата счёта не в будущем.
[2025-11-07 17:26:32] [WARN] [TOT001] Итоговая сумма отсутствует.
[2025-11-07 17:26:32] [WARN] [NEG001] Итоговая сумма отсутствует.
[2025-11-07 17:28:10] [INFO] [BIN001] Проверка пройдена.
[2025-11-07 17:28:10] [INFO] [BIN002] Проверка пройдена.
[2025-11-07 17:28:10] [INFO] [D000] Дата присутствует и распознана.
[2025-11-07 17:28:10] [INFO] [D001] Дата счёта не в будущем.
[2025-11-07 17:28:10] [ERROR] [TOT001] Сумма строк не равна итогу документа.
[2025-11-07 17:28:10] [INFO] [NEG001] Сумма не отрицательная.
[2025-11-07 23:24:02] [ERROR] [BIN001] BIN поставщика отсутствует или некорректен.
[2025-11-07 23:24:02] [ERROR] [BIN002] BIN покупателя отсутствует или некорректен.
[2025-11-07 23:24:02] [INFO] [D000] Дата присутствует и распознана.
[2025-11-07 23:24:02] [INFO] [D001] Дата счёта не в будущем.
[2025-11-07 23:24:02] [WARN] [TOT001] Итоговая сумма отсутствует.
[2025-11-07 23:24:02] [WARN] [NEG001] Итоговая сумма отсутствует.
[2025-11-07 23:53:09] [ERROR] [BIN001] BIN поставщика отсутствует или некорректен.
[2025-11-07 23:53:09] [ERROR] [BIN002] BIN покупателя отсутствует или некорректен.
[2025-11-07 23:53:09] [INFO] [D000] Дата присутствует и распознана.
[2025-11-07 23:53:09] [INFO] [D001] Дата счёта не в будущем.
[2025-11-07 23:53:09] [WARN] [TOT001] Итоговая сумма отсутствует.
[2025-11-07 23:53:09] [WARN] [NEG001] Итоговая сумма отсутствует.
[2025-11-08 10:47:21] [ERROR] [BIN001] BIN поставщика отсутствует или некорректен.
[2025-11-08 10:47:21] [ERROR] [BIN002] BIN покупателя отсутствует или некорректен.
[2025-11-08 10:47:21] [INFO] [D000] Дата присутствует и распознана.
[2025-11-08 10:47:21] [INFO] [D001] Дата счёта не в будущем.
[2025-11-08 10:47:21] [WARN] [TOT001] Итоговая сумма отсутствует.
[2025-11-08 10:47:21] [WARN] [NEG001] Итоговая сумма отсутствует.
[2025-11-08 10:53:57] [ERROR] [BIN001] BIN поставщика отсутствует или некорректен.
[2025-11-08 10:53:57] [ERROR] [BIN002] BIN покупателя отсутствует или некорректен.
[2025-11-08 10:53:57] [INFO] [D000] Дата присутствует и распознана.
[2025-11-08 10:53:57] [INFO] [D001] Дата счёта не в будущем.
[2025-11-08 10:53:57] [WARN] [TOT001] Итоговая сумма отсутствует.
[2025-11-08 10:53:57] [WARN] [NEG001] Итоговая сумма отсутствует.
[2025-11-08 10:58:23] [INFO] [BIN001] Проверка пройдена.
[2025-11-08 10:58:23] [INFO] [BIN002] Проверка пройдена.
[2025-11-08 10:58:23] [INFO] [D000] Дата присутствует и распознана.
[2025-11-08 10:58:23] [INFO] [D001] Дата счёта не в будущем.
[2025-11-08 10:58:23] [ERROR] [TOT001] Сумма строк не равна итогу документа.
[2025-11-08 10:58:23] [INFO] [NEG001] Сумма не отрицательная.
[2025-11-08 11:12:56] [INFO] [BIN001] Проверка пройдена.
[2025-11-08 11:12:56] [INFO] [BIN002] Проверка пройдена.
[2025-11-08 11:12:56] [INFO] [D000] Дата присутствует и распознана.
[2025-11-08 11:12:56] [INFO] [D001] Дата счёта не в будущем.
[2025-11-08 11:12:56] [ERROR] [TOT001] Сумма строк не равна итогу документа.
[2025-11-08 11:12:56] [INFO] [NEG001] Сумма не отрицательная.
[2025-11-08 11:47:15] [INFO] [BIN001] Проверка пройдена.
[2025-11-08 11:47:15] [INFO] [BIN002] Проверка пройдена.
[2025-11-08 11:47:15] [INFO] [D000] Дата присутствует и распознана.
[2025-11-08 11:47:15] [INFO] [D001] Дата счёта не в будущем.
[2025-11-08 11:47:15] [ERROR] [TOT001] Сумма строк не равна итогу документа.
[2025-11-08 11:47:15] [INFO] [NEG001] Сумма не отрицательная.
[2025-11-08 12:09:11] [INFO] [BIN001] Проверка пройдена.
[2025-11-08 12:09:11] [INFO] [BIN002] Проверка пройдена.
[2025-11-08 12:09:11] [INFO] [D000] Дата присутствует и распознана.
[2025-11-08 12:09:11] [INFO] [D001] Дата счёта не в будущем.
[2025-11-08 12:09:11] [ERROR] [TOT001] Сумма строк не равна итогу документа.
[2025-11-08 12:09:11] [INFO] [VAT001] Нет строк с достаточными данными для проверки НДС.
[2025-11-08 12:09:11] [ERROR] [ID002] Номер документа отсутствует.
[2025-11-08 12:09:11] [INFO] [AMT001] Сумма документа > 0.
[2025-11-08 12:09:11] [INFO] [NEG001] Сумма не отрицательная.
[2025-11-08 12:12:48] [INFO] [BIN001] Проверка пройдена.
[2025-11-08 12:12:48] [INFO] [BIN002] Проверка пройдена.
[2025-11-08 12:12:48] [INFO] [D000] Дата присутствует и распознана.
[2025-11-08 12:12:48] [INFO] [D001] Дата счёта не в будущем.
[2025-11-08 12:12:48] [ERROR] [TOT001] Сумма строк не равна итогу документа.
[2025-11-08 12:12:48] [INFO] [VAT001] Нет строк с достаточными данными для проверки НДС.
[2025-11-08 12:12:48] [ERROR] [ID002] Номер документа отсутствует.
[2025-11-08 12:12:48] [INFO] [AMT001] Сумма документа > 0.
[2025-11-08 12:12:48] [INFO] [NEG001] Сумма не отрицательная.
[2025-11-08 12:19:10] [INFO] [BIN001] Проверка пройдена.
[2025-11-08 12:19:10] [INFO] [BIN002] Проверка пройдена.
[2025-11-08 12:19:10] [INFO] [D000] Дата присутствует и распознана.
[2025-11-08 12:19:10] [INFO] [D001] Дата счёта не в будущем.
[2025-11-08 12:19:10] [ERROR] [TOT001] Сумма строк не равна итогу документа.
[2025-11-08 12:19:10] [INFO] [VAT001] Нет строк с достаточными данными для проверки НДС.
[2025-11-08 12:19:10] [ERROR] [ID002] Номер документа отсутствует.
[2025-11-08 12:19:10] [INFO] [AMT001] Сумма документа > 0.
[2025-11-08 12:19:10] [INFO] [NEG001] Сумма не отрицательная.
[2025-11-08 12:22:10] [INFO] [BIN001] Проверка пройдена.
[2025-11-08 12:22:10] [INFO] [BIN002] Проверка пройдена.
[2025-11-08 12:22:10] [INFO] [D000] Дата присутствует и распознана.
[2025-11-08 12:22:10] [INFO] [D001] Дата счёта не в будущем.
[2025-11-08 12:22:10] [ERROR] [TOT001] Сумма строк не равна итогу документа.
[2025-11-08 12:22:10] [INFO] [VAT001] Нет строк с достаточными данными для проверки НДС.
[2025-11-08 12:22:10] [ERROR] [ID002] Номер документа отсутствует.
[2025-11-08 12:22:10] [INFO] [AMT001] Сумма документа > 0.
[2025-11-08 12:22:10] [INFO] [NEG001] Сумма не отрицательная.
[2025-11-08 12:22:16] [INFO] [BIN001] Проверка пройдена.
[2025-11-08 12:22:16] [INFO] [BIN002] Проверка пройдена.
[2025-11-08 12:22:16] [INFO] [D000] Дата присутствует и распознана.
[2025-11-08 12:22:16] [INFO] [D001] Дата счёта не в будущем.
[2025-11-08 12:22:16] [ERROR] [TOT001] Сумма строк не равна итогу документа.
[2025-11-08 12:22:16] [INFO] [VAT001] Нет строк с достаточными данными для проверки НДС.
[2025-11-08 12:22:16] [ERROR] [ID002] Номер документа отсутствует.
[2025-11-08 12:22:16] [INFO] [AMT001] Сумма документа > 0.
[2025-11-08 12:22:16] [INFO] [NEG001] Сумма не отрицательная.
[2025-11-08 12:22:24] [INFO] [BIN001] Проверка пройдена.
[2025-11-08 12:22:24] [INFO] [BIN002] Проверка пройдена.
[2025-11-08 12:22:24] [INFO] [D000] Дата присутствует и распознана.
[2025-11-08 12:22:24] [INFO] [D001] Дата счёта не в будущем.
[2025-11-08 12:22:24] [ERROR] [TOT001] Сумма строк не равна итогу документа.
[2025-11-08 12:22:24] [INFO] [VAT001] Нет строк с достаточными данными для проверки НДС.
[2025-11-08 12:22:24] [ERROR] [ID002] Номер документа отсутствует.
[2025-11-08 12:22:24] [INFO] [AMT001] Сумма документа > 0.
[2025-11-08 12:22:24] [INFO] [NEG001] Сумма не отрицательная.
[2025-11-08 12:22:37] [INFO] [BIN001] Проверка пройдена.
[2025-11-08 12:22:37] [INFO] [BIN002] Проверка пройдена.
[2025-11-08 12:22:37] [INFO] [D000] Дата присутствует и распознана.
[2025-11-08 12:22:37] [INFO] [D001] Дата счёта не в будущем.
[2025-11-08 12:22:37] [ERROR] [TOT001] Сумма строк не равна итогу документа.
[2025-11-08 12:22:37] [INFO] [VAT001] Нет строк с достаточными данными для проверки НДС.
[2025-11-08 12:22:37] [ERROR] [ID002] Номер документа отсутствует.
[2025-11-08 12:22:37] [INFO] [AMT001] Сумма документа > 0.
[2025-11-08 12:22:37] [INFO] [NEG001] Сумма не отрицательная.
[2025-11-08 12:22:51] [INFO] [BIN001] Проверка пройдена.
[2025-11-08 12:22:51] [INFO] [BIN002] Проверка пройдена.
[2025-11-08 12:22:51] [INFO] [D000] Дата присутствует и распознана.
[2025-11-08 12:22:51] [INFO] [D001] Дата счёта не в будущем.
[2025-11-08 12:22:51] [ERROR] [TOT001] Сумма строк не равна итогу документа.
[2025-11-08 12:22:51] [INFO] [VAT001] Нет строк с достаточными данными для проверки НДС.
[2025-11-08 12:22:51] [ERROR] [ID002] Номер документа отсутствует.
[2025-11-08 12:22:51] [INFO] [AMT001] Сумма документа > 0.
[2025-11-08 12:22:51] [INFO] [NEG001] Сумма не отрицательная.
[2025-11-08 12:27:43] [INFO] [BIN001] БИН поставщика валиден (12 цифр).
[2025-11-08 12:27:43] [INFO] [BIN002] БИН покупателя валиден (12 цифр).
[2025-11-08 12:27:43] [INFO] [D000] Дата присутствует и распознана.
[2025-11-08 12:27:43] [INFO] [D001] Дата счёта не в будущем.
[2025-11-08 12:27:43] [ERROR] [TOT001] Сумма строк не равна итогу документа.
[2025-11-08 12:27:43] [WARN] [VAT001] Недостаточно данных для проверки НДС по строкам.
[2025-11-08 12:27:43] [ERROR] [ID002] Номер документа отсутствует.
[2025-11-08 12:27:43] [INFO] [AMT001] Сумма документа > 0.
[2025-11-08 12:27:43] [INFO] [NEG001] Сумма не отрицательная.
[2025-11-08 12:27:59] [INFO] [BIN001] БИН поставщика валиден (12 цифр).
[2025-11-08 12:27:59] [INFO] [BIN002] БИН покупателя валиден (12 цифр).
[2025-11-08 12:27:59] [INFO] [D000] Дата присутствует и распознана.
[2025-11-08 12:27:59] [INFO] [D001] Дата счёта не в будущем.
[2025-11-08 12:27:59] [ERROR] [TOT001] Сумма строк не равна итогу документа.
[2025-11-08 12:27:59] [WARN] [VAT001] Недостаточно данных для проверки НДС по строкам.
[2025-11-08 12:27:59] [ERROR] [ID002] Номер документа отсутствует.
[2025-11-08 12:27:59] [INFO] [AMT001] Сумма документа > 0.
[2025-11-08 12:27:59] [INFO] [NEG001] Сумма не отрицательная.
[2025-11-08 12:53:19] [INFO] [BIN001] БИН поставщика валиден (12 цифр).
[2025-11-08 12:53:19] [INFO] [BIN002] БИН покупателя валиден (12 цифр).
[2025-11-08 12:53:19] [INFO] [D000] Дата присутствует и распознана.
[2025-11-08 12:53:19] [INFO] [D001] Дата счёта не в будущем.
[2025-11-08 12:53:19] [ERROR] [TOT001] Сумма строк не равна итогу документа.
[2025-11-08 12:53:19] [WARN] [VAT001] Недостаточно данных для проверки НДС по строкам.
[2025-11-08 12:53:19] [ERROR] [ID002] Номер документа отсутствует.
[2025-11-08 12:53:19] [INFO] [AMT001] Сумма документа > 0.
[2025-11-08 12:53:19] [INFO] [NEG001] Сумма не отрицательная.
[2025-11-08 12:53:26] [INFO] [BIN001] БИН поставщика валиден (12 цифр).
[2025-11-08 12:53:26] [INFO] [BIN002] БИН покупателя валиден (12 цифр).
[2025-11-08 12:53:26] [INFO] [D000] Дата присутствует и распознана.
[2025-11-08 12:53:26] [INFO] [D001] Дата счёта не в будущем.
[2025-11-08 12:53:26] [ERROR] [TOT001] Сумма строк не равна итогу документа.
[2025-11-08 12:53:26] [WARN] [VAT001] Недостаточно данных для проверки НДС по строкам.
[2025-11-08 12:53:26] [ERROR] [ID002] Номер документа отсутствует.
[2025-11-08 12:53:26] [INFO] [AMT001] Сумма документа > 0.
[2025-11-08 12:53:26] [INFO] [NEG001] Сумма не отрицательная.
[2025-11-08 12:55:54] [INFO] [BIN001] Проверка пройдена.
[2025-11-08 12:55:54] [INFO] [BIN002] Проверка пройдена.
[2025-11-08 12:55:54] [INFO] [D000] Дата присутствует и распознана.
[2025-11-08 12:55:54] [INFO] [D001] Дата счёта не в будущем.
[2025-11-08 12:55:54] [ERROR] [TOT001] Сумма строк не равна итогу документа.
[2025-11-08 12:55:54] [INFO] [NEG001] Сумма не отрицательная.
[2025-11-08 12:56:02] [INFO] [BIN001] Проверка пройдена.
[2025-11-08 12:56:02] [INFO] [BIN002] Проверка пройдена.
[2025-11-08 12:56:02] [INFO] [D000] Дата присутствует и распознана.
[2025-11-08 12:56:02] [INFO] [D001] Дата счёта не в будущем.
[2025-11-08 12:56:02] [ERROR] [TOT001] Сумма строк не равна итогу документа.
[2025-11-08 12:56:02] [INFO] [NEG001] Сумма не отрицательная.
[2025-11-08 12:57:57] [INFO] [BIN001] Проверка пройдена.
[2025-11-08 12:57:57] [INFO] [BIN002] Проверка пройдена.
[2025-11-08 12:57:57] [INFO] [D000] Дата присутствует и распознана.
[2025-11-08 12:57:57] [INFO] [D001] Дата счёта не в будущем.
[2025-11-08 12:57:57] [ERROR] [TOT001] Сумма строк не равна итогу документа.
[2025-11-08 12:57:57] [INFO] [NEG001] Сумма не отрицательная.
[2025-11-08 12:58:03] [INFO] [BIN001] Проверка пройдена.
[2025-11-08 12:58:03] [ERROR] [BIN002] BIN покупателя отсутствует или некорректен.
[2025-11-08 12:58:03] [INFO] [D000] Дата присутствует и распознана.
[2025-11-08 12:58:03] [INFO] [D001] Дата счёта не в будущем.
[2025-11-08 12:58:03] [ERROR] [TOT001] Сумма строк не равна итогу документа.
[2025-11-08 12:58:03] [INFO] [NEG001] Сумма не отрицательная.
[2025-11-08 12:59:13] [INFO] [BIN001] Проверка пройдена.
[2025-11-08 12:59:13] [INFO] [BIN002] Проверка пройдена.
[2025-11-08 12:59:13] [INFO] [D000] Дата присутствует и распознана.
[2025-11-08 12:59:13] [INFO] [D001] Дата счёта не в будущем.
[2025-11-08 12:59:13] [ERROR] [TOT001] Сумма строк не равна итогу документа.
[2025-11-08 12:59:13] [INFO] [NEG001] Сумма не отрицательная.
[2025-11-08 12:59:19] [INFO] [BIN001] Проверка пройдена.
[2025-11-08 12:59:19] [ERROR] [BIN002] BIN покупателя отсутствует или некорректен.
[2025-11-08 12:59:19] [INFO] [D000] Дата присутствует и распознана.
[2025-11-08 12:59:19] [INFO] [D001] Дата счёта не в будущем.
[2025-11-08 12:59:19] [ERROR] [TOT001] Сумма строк не равна итогу документа.
[2025-11-08 12:59:19] [INFO] [NEG001] Сумма не отрицательная.
[2025-11-08 12:59:51] [INFO] [BIN001] Проверка пройдена.
[2025-11-08 12:59:51] [ERROR] [BIN002] BIN покупателя отсутствует или некорректен.
[2025-11-08 12:59:51] [INFO] [D000] Дата присутствует и распознана.
[2025-11-08 12:59:51] [INFO] [D001] Дата счёта не в будущем.
[2025-11-08 12:59:51] [ERROR] [TOT001] Сумма строк не равна итогу документа.
[2025-11-08 12:59:51] [INFO] [NEG001] Сумма не отрицательная.
[2025-11-08 13:00:03] [INFO] [BIN001] Проверка пройдена.
[2025-11-08 13:00:03] [ERROR] [BIN002] BIN покупателя отсутствует или некорректен.
[2025-11-08 13:00:03] [INFO] [D000] Дата присутствует и распознана.
[2025-11-08 13:00:03] [INFO] [D001] Дата счёта не в будущем.
[2025-11-08 13:00:03] [ERROR] [TOT001] Сумма строк не равна итогу документа.
[2025-11-08 13:00:03] [INFO] [NEG001] Сумма не отрицательная.
[2025-11-08 13:04:46] [INFO] [BIN001] Проверка пройдена.
[2025-11-08 13:04:46] [ERROR] [BIN002] BIN покупателя отсутствует или некорректен.
[2025-11-08 13:04:46] [INFO] [D000] Дата присутствует и распознана.
[2025-11-08 13:04:46] [INFO] [D001] Дата счёта не в будущем.
[2025-11-08 13:04:46] [ERROR] [TOT001] Сумма строк не равна итогу документа.
[2025-11-08 13:04:46] [INFO] [NEG001] Сумма не отрицательная.
[2025-11-08 13:09:10] [INFO] [BIN001] Проверка пройдена.
[2025-11-08 13:09:10] [INFO] [BIN002] Проверка пройдена.
[2025-11-08 13:09:10] [INFO] [D000] Дата присутствует и распознана.
[2025-11-08 13:09:10] [INFO] [D001] Дата счёта не в будущем.
[2025-11-08 13:09:10] [ERROR] [TOT001] Сумма строк не равна итогу документа.
[2025-11-08 13:09:10] [INFO] [NEG001] Сумма не отрицательная.
[2025-11-08 13:09:30] [INFO] [BIN001] Проверка пройдена.
[2025-11-08 13:09:30] [INFO] [BIN002] Проверка пройдена.
[2025-11-08 13:09:30] [INFO] [D000] Дата присутствует и распознана.
[2025-11-08 13:09:30] [INFO] [D001] Дата счёта не в будущем.
[2025-11-08 13:09:30] [ERROR] [TOT001] Сумма строк не равна итогу документа.
[2025-11-08 13:09:30] [INFO] [NEG001] Сумма не отрицательная.
[2025-11-08 13:09:35] [INFO] [BIN001] Проверка пройдена.
[2025-11-08 13:09:35] [ERROR] [BIN002] BIN покупателя отсутствует или некорректен.
[2025-11-08 13:09:35] [INFO] [D000] Дата присутствует и распознана.
[2025-11-08 13:09:35] [INFO] [D001] Дата счёта не в будущем.
[2025-11-08 13:09:35] [ERROR] [TOT001] Сумма строк не равна итогу документа.
[2025-11-08 13:09:35] [INFO] [NEG001] Сумма не отрицательная.
[2025-11-08 13:09:49] [INFO] [BIN001] Проверка пройдена.
[2025-11-08 13:09:49] [INFO] [BIN002] Проверка пройдена.
[2025-11-08 13:09:49] [INFO] [D000] Дата присутствует и распознана.
[2025-11-08 13:09:49] [INFO] [D001] Дата счёта не в будущем.
[2025-11-08 13:09:49] [ERROR] [TOT001] Сумма строк не равна итогу документа.
[2025-11-08 13:09:49] [INFO] [NEG001] Сумма не отрицательная.
[2025-11-08 14:45:48] [INFO] [BIN001] БИН поставщика валиден (12 цифр).
[2025-11-08 14:45:48] [INFO] [BIN002] БИН покупателя валиден (12 цифр).
[2025-11-08 14:45:48] [INFO] [D000] Дата присутствует и распознана.
[2025-11-08 14:45:48] [INFO] [D001] Дата счёта не в будущем.
[2025-11-08 14:45:48] [ERROR] [TOT001] Сумма строк не равна итогу документа.
[2025-11-08 14:45:48] [WARN] [VAT001] Недостаточно данных для проверки НДС по строкам.
[2025-11-08 14:45:48] [ERROR] [ID002] Номер документа отсутствует.
[2025-11-08 14:45:48] [INFO] [AMT001] Сумма документа > 0.
[2025-11-08 14:45:48] [INFO] [NEG001] Сумма не отрицательная.
[2025-11-08 14:46:41] [INFO] [BIN001] БИН поставщика валиден (12 цифр).
[2025-11-08 14:46:41] [INFO] [BIN002] БИН покупателя валиден (12 цифр).
[2025-11-08 14:46:41] [INFO] [D000] Дата присутствует и распознана.
[2025-11-08 14:46:41] [INFO] [D001] Дата счёта не в будущем.
[2025-11-08 14:46:41] [ERROR] [TOT001] Сумма строк не равна итогу документа.
[2025-11-08 14:46:41] [WARN] [VAT001] Недостаточно данных для проверки НДС по строкам.
[2025-11-08 14:46:41] [ERROR] [ID002] Номер документа отсутствует.
[2025-11-08 14:46:41] [INFO] [AMT001] Сумма документа > 0.
[2025-11-08 14:46:41] [INFO] [NEG001] Сумма не отрицательная.
[2025-11-08 14:46:51] [INFO] [BIN001] БИН поставщика валиден (12 цифр).
[2025-11-08 14:46:51] [ERROR] [BIN002] BIN покупателя отсутствует или некорректен.
[2025-11-08 14:46:51] [INFO] [D000] Дата присутствует и распознана.
[2025-11-08 14:46:51] [INFO] [D001] Дата счёта не в будущем.
[2025-11-08 14:46:51] [ERROR] [TOT001] Сумма строк не равна итогу документа.
[2025-11-08 14:46:51] [WARN] [VAT001] Недостаточно данных для проверки НДС по строкам.
[2025-11-08 14:46:51] [ERROR] [ID002] Номер документа отсутствует.
[2025-11-08 14:46:51] [INFO] [AMT001] Сумма документа > 0.
[2025-11-08 14:46:51] [INFO] [NEG001] Сумма не отрицательная.
[2025-11-08 14:47:09] [INFO] [BIN001] БИН поставщика валиден (12 цифр).
[2025-11-08 14:47:09] [INFO] [BIN002] БИН покупателя валиден (12 цифр).
[2025-11-08 14:47:09] [INFO] [D000] Дата присутствует и распознана.
[2025-11-08 14:47:09] [INFO] [D001] Дата счёта не в будущем.
[2025-11-08 14:47:09] [ERROR] [TOT001] Сумма строк не равна итогу документа.
[2025-11-08 14:47:09] [WARN] [VAT001] Недостаточно данных для проверки НДС по строкам.
[2025-11-08 14:47:09] [ERROR] [ID002] Номер документа отсутствует.
[2025-11-08 14:47:09] [INFO] [AMT001] Сумма документа > 0.
[2025-11-08 14:47:09] [INFO] [NEG001] Сумма не отрицательная.
[2025-11-08 14:55:17] [INFO] [BIN001] БИН поставщика валиден (12 цифр).
[2025-11-08 14:55:17] [INFO] [BIN002] БИН покупателя валиден (12 цифр).
[2025-11-08 14:55:17] [INFO] [D000] Дата присутствует и распознана.
[2025-11-08 14:55:17] [INFO] [D001] Дата счёта не в будущем.
[2025-11-08 14:55:17] [ERROR] [TOT001] Сумма строк не равна итогу документа.
[2025-11-08 14:55:17] [WARN] [VAT001] Недостаточно данных для проверки НДС по строкам.
[2025-11-08 14:55:17] [ERROR] [ID002] Номер документа отсутствует.
[2025-11-08 14:55:17] [INFO] [AMT001] Сумма документа > 0.
[2025-11-08 14:55:17] [INFO] [NEG001] Сумма не отрицательная.
[2025-11-08 14:55:27] [INFO] [BIN001] БИН поставщика валиден (12 цифр).
[2025-11-08 14:55:27] [INFO] [BIN002] БИН покупателя валиден (12 цифр).
[2025-11-08 14:55:27] [INFO] [D000] Дата присутствует и распознана.
[2025-11-08 14:55:27] [INFO] [D001] Дата счёта не в будущем.
[2025-11-08 14:55:27] [ERROR] [TOT001] Сумма строк не равна итогу документа.
[2025-11-08 14:55:27] [WARN] [VAT001] Недостаточно данных для проверки НДС по строкам.
[2025-11-08 14:55:27] [ERROR] [ID002] Номер документа отсутствует.
[2025-11-08 14:55:27] [INFO] [AMT001] Сумма документа > 0.
[2025-11-08 14:55:27] [INFO] [NEG001] Сумма не отрицательная.
[2025-11-08 14:55:39] [INFO] [BIN001] БИН поставщика валиден (12 цифр).
[2025-11-08 14:55:39] [INFO] [BIN002] БИН покупателя валиден (12 цифр).
[2025-11-08 14:55:39] [INFO] [D000] Дата присутствует и распознана.
[2025-11-08 14:55:39] [INFO] [D001] Дата счёта не в будущем.
[2025-11-08 14:55:39] [ERROR] [TOT001] Сумма строк не равна итогу документа.
[2025-11-08 14:55:39] [WARN] [VAT001] Недостаточно данных для проверки НДС по строкам.
[2025-11-08 14:55:39] [ERROR] [ID002] Номер документа отсутствует.
[2025-11-08 14:55:39] [INFO] [AMT001] Сумма документа > 0.
[2025-11-08 14:55:39] [INFO] [NEG001] Сумма не отрицательная.
[2025-11-08 14:55:56] [INFO] [BIN001] БИН поставщика валиден (12 цифр).
[2025-11-08 14:55:56] [ERROR] [BIN002] BIN покупателя отсутствует или некорректен.
[2025-11-08 14:55:56] [INFO] [D000] Дата присутствует и распознана.
[2025-11-08 14:55:56] [INFO] [D001] Дата счёта не в будущем.
[2025-11-08 14:55:56] [ERROR] [TOT001] Сумма строк не равна итогу документа.
[2025-11-08 14:55:56] [WARN] [VAT001] Недостаточно данных для проверки НДС по строкам.
[2025-11-08 14:55:56] [ERROR] [ID002] Номер документа отсутствует.
[2025-11-08 14:55:56] [INFO] [AMT001] Сумма документа > 0.
[2025-11-08 14:55:56] [INFO] [NEG001] Сумма не отрицательная.
[2025-11-08 15:32:32] [ERROR] [SYSEXC] ❌ Исключение при выполнении правил: run_all_rules() takes 1 positional argument but 2 were given
